# JRE version: Java(TM) SE Runtime Environment (8.0_60-b27) (build 1.8.0_60-b27)
# Java VM: Java HotSpot(TM) 64-Bit Server VM (25.60-b23 mixed mode windows-amd64 compressed oops)
Heap:
 PSYoungGen      total 175616K, used 102260K [0x0000000780d80000, 0x0000000795880000, 0x00000007c0000000)
  eden space 77312K, 5% used [0x0000000780d80000,0x000000078115d9c8,0x0000000785900000)
  from space 98304K, 99% used [0x0000000785900000,0x000000078b8ff918,0x000000078b900000)
  to   space 82944K, 0% used [0x000000078b900000,0x000000078b900000,0x0000000790a00000)
 ParOldGen       total 288256K, used 175522K [0x0000000702800000, 0x0000000714180000, 0x0000000780d80000)
  object space 288256K, 60% used [0x0000000702800000,0x000000070d368b38,0x0000000714180000)
 Metaspace       used 23460K, capacity 24431K, committed 24576K, reserved 1071104K
  class space    used 3012K, capacity 3235K, committed 3328K, reserved 1048576K
GC Heap History (10 events):
Event: 13.656 GC heap before
{Heap before GC invocations=5 (full 1):
 PSYoungGen      total 56832K, used 46132K [0x0000000780d80000, 0x0000000787c80000, 0x00000007c0000000)
  eden space 49152K, 93% used [0x0000000780d80000,0x0000000783a8d290,0x0000000783d80000)
  from space 7680K, 0% used [0x0000000783d80000,0x0000000783d80000,0x0000000784500000)
  to   space 7680K, 0% used [0x0000000787500000,0x0000000787500000,0x0000000787c80000)
 ParOldGen       total 225792K, used 98118K [0x0000000702800000, 0x0000000710480000, 0x0000000780d80000)
  object space 225792K, 43% used [0x0000000702800000,0x00000007087d1b48,0x0000000710480000)
 Metaspace       used 22982K, capacity 23955K, committed 24064K, reserved 1071104K
  class space    used 3011K, capacity 3235K, committed 3328K, reserved 1048576K
Event: 13.667 GC heap after
Heap after GC invocations=5 (full 1):
 PSYoungGen      total 75776K, used 7069K [0x0000000780d80000, 0x0000000787c00000, 0x00000007c0000000)
  eden space 68608K, 0% used [0x0000000780d80000,0x0000000780d80000,0x0000000785080000)
  from space 7168K, 98% used [0x0000000787500000,0x0000000787be77e8,0x0000000787c00000)
  to   space 7680K, 0% used [0x0000000786d00000,0x0000000786d00000,0x0000000787480000)
 ParOldGen       total 225792K, used 125229K [0x0000000702800000, 0x0000000710480000, 0x0000000780d80000)
  object space 225792K, 55% used [0x0000000702800000,0x000000070a24b448,0x0000000710480000)
 Metaspace       used 22982K, capacity 23955K, committed 24064K, reserved 1071104K
  class space    used 3011K, capacity 3235K, committed 3328K, reserved 1048576K
}
Event: 15.612 GC heap before
{Heap before GC invocations=6 (full 1):
 PSYoungGen      total 75776K, used 75677K [0x0000000780d80000, 0x0000000787c00000, 0x00000007c0000000)
  eden space 68608K, 100% used [0x0000000780d80000,0x0000000785080000,0x0000000785080000)
  from space 7168K, 98% used [0x0000000787500000,0x0000000787be77e8,0x0000000787c00000)
  to   space 7680K, 0% used [0x0000000786d00000,0x0000000786d00000,0x0000000787480000)
 ParOldGen       total 225792K, used 125229K [0x0000000702800000, 0x0000000710480000, 0x0000000780d80000)
  object space 225792K, 55% used [0x0000000702800000,0x000000070a24b448,0x0000000710480000)
 Metaspace       used 23188K, capacity 24103K, committed 24320K, reserved 1071104K
  class space    used 3012K, capacity 3235K, committed 3328K, reserved 1048576K
Event: 15.627 GC heap after
Heap after GC invocations=6 (full 1):
 PSYoungGen      total 100352K, used 7679K [0x0000000780d80000, 0x0000000790a00000, 0x00000007c0000000)
  eden space 92672K, 0% used [0x0000000780d80000,0x0000000780d80000,0x0000000786800000)
  from space 7680K, 99% used [0x0000000786d00000,0x000000078747ffb8,0x0000000787480000)
  to   space 82944K, 0% used [0x000000078b900000,0x000000078b900000,0x0000000790a00000)
 ParOldGen       total 225792K, used 186258K [0x0000000702800000, 0x0000000710480000, 0x0000000780d80000)
  object space 225792K, 82% used [0x0000000702800000,0x000000070dde4aa8,0x0000000710480000)
 Metaspace       used 23188K, capacity 24103K, committed 24320K, reserved 1071104K
  class space    used 3012K, capacity 3235K, committed 3328K, reserved 1048576K
}
Event: 15.627 GC heap before
{Heap before GC invocations=7 (full 2):
 PSYoungGen      total 100352K, used 7679K [0x0000000780d80000, 0x0000000790a00000, 0x00000007c0000000)
  eden space 92672K, 0% used [0x0000000780d80000,0x0000000780d80000,0x0000000786800000)
  from space 7680K, 99% used [0x0000000786d00000,0x000000078747ffb8,0x0000000787480000)
  to   space 82944K, 0% used [0x000000078b900000,0x000000078b900000,0x0000000790a00000)
 ParOldGen       total 225792K, used 186258K [0x0000000702800000, 0x0000000710480000, 0x0000000780d80000)
  object space 225792K, 82% used [0x0000000702800000,0x000000070dde4aa8,0x0000000710480000)
 Metaspace       used 23188K, capacity 24103K, committed 24320K, reserved 1071104K
  class space    used 3012K, capacity 3235K, committed 3328K, reserved 1048576K
Event: 15.666 GC heap after
Heap after GC invocations=7 (full 2):
 PSYoungGen      total 100352K, used 0K [0x0000000780d80000, 0x0000000790a00000, 0x00000007c0000000)
  eden space 92672K, 0% used [0x0000000780d80000,0x0000000780d80000,0x0000000786800000)
  from space 7680K, 0% used [0x0000000786d00000,0x0000000786d00000,0x0000000787480000)
  to   space 82944K, 0% used [0x000000078b900000,0x000000078b900000,0x0000000790a00000)
 ParOldGen       total 288256K, used 107999K [0x0000000702800000, 0x0000000714180000, 0x0000000780d80000)
  object space 288256K, 37% used [0x0000000702800000,0x0000000709177d58,0x0000000714180000)
 Metaspace       used 23188K, capacity 24103K, committed 24320K, reserved 1071104K
  class space    used 3012K, capacity 3235K, committed 3328K, reserved 1048576K
}
Event: 16.264 GC heap before
{Heap before GC invocations=8 (full 2):
 PSYoungGen      total 100352K, used 92551K [0x0000000780d80000, 0x0000000790a00000, 0x00000007c0000000)
  eden space 92672K, 99% used [0x0000000780d80000,0x00000007867e1f40,0x0000000786800000)
  from space 7680K, 0% used [0x0000000786d00000,0x0000000786d00000,0x0000000787480000)
  to   space 82944K, 0% used [0x000000078b900000,0x000000078b900000,0x0000000790a00000)
 ParOldGen       total 288256K, used 109023K [0x0000000702800000, 0x0000000714180000, 0x0000000780d80000)
  object space 288256K, 37% used [0x0000000702800000,0x0000000709277d68,0x0000000714180000)
 Metaspace       used 23354K, capacity 24299K, committed 24576K, reserved 1071104K
  class space    used 3012K, capacity 3235K, committed 3328K, reserved 1048576K
Event: 16.281 GC heap after
Heap after GC invocations=8 (full 2):
 PSYoungGen      total 160256K, used 77591K [0x0000000780d80000, 0x0000000795880000, 0x00000007c0000000)
  eden space 77312K, 0% used [0x0000000780d80000,0x0000000780d80000,0x0000000785900000)
  from space 82944K, 93% used [0x000000078b900000,0x00000007904c5ee8,0x0000000790a00000)
  to   space 98304K, 0% used [0x0000000785900000,0x0000000785900000,0x000000078b900000)
 ParOldGen       total 288256K, used 126705K [0x0000000702800000, 0x0000000714180000, 0x0000000780d80000)
  object space 288256K, 43% used [0x0000000702800000,0x000000070a3bc748,0x0000000714180000)
 Metaspace       used 23354K, capacity 24299K, committed 24576K, reserved 1071104K
  class space    used 3012K, capacity 3235K, committed 3328K, reserved 1048576K
}
Event: 16.808 GC heap before
{Heap before GC invocations=9 (full 2):
 PSYoungGen      total 160256K, used 154903K [0x0000000780d80000, 0x0000000795880000, 0x00000007c0000000)
  eden space 77312K, 100% used [0x0000000780d80000,0x0000000785900000,0x0000000785900000)
  from space 82944K, 93% used [0x000000078b900000,0x00000007904c5ee8,0x0000000790a00000)
  to   space 98304K, 0% used [0x0000000785900000,0x0000000785900000,0x000000078b900000)
 ParOldGen       total 288256K, used 132782K [0x0000000702800000, 0x0000000714180000, 0x0000000780d80000)
  object space 288256K, 46% used [0x0000000702800000,0x000000070a9abb20,0x0000000714180000)
 Metaspace       used 23425K, capacity 24303K, committed 24576K, reserved 1071104K
  class space    used 3012K, capacity 3235K, committed 3328K, reserved 1048576K
Event: 16.826 GC heap after
Heap after GC invocations=9 (full 2):
 PSYoungGen      total 175616K, used 98302K [0x0000000780d80000, 0x0000000795880000, 0x00000007c0000000)
  eden space 77312K, 0% used [0x0000000780d80000,0x0000000780d80000,0x0000000785900000)
  from space 98304K, 99% used [0x0000000785900000,0x000000078b8ff918,0x000000078b900000)
  to   space 82944K, 0% used [0x000000078b900000,0x000000078b900000,0x0000000790a00000)
 ParOldGen       total 288256K, used 175522K [0x0000000702800000, 0x0000000714180000, 0x0000000780d80000)
  object space 288256K, 60% used [0x0000000702800000,0x000000070d368b38,0x0000000714180000)
 Metaspace       used 23425K, capacity 24303K, committed 24576K, reserved 1071104K
  class space    used 3012K, capacity 3235K, committed 3328K, reserved 1048576K
}

