# JRE version: Java(TM) SE Runtime Environment (8.0_60-b27) (build 1.8.0_60-b27)
# Java VM: Java HotSpot(TM) 64-Bit Server VM (25.60-b23 mixed mode windows-amd64 compressed oops)
Heap:
 PSYoungGen      total 56832K, used 28754K [0x0000000780d80000, 0x0000000786e00000, 0x00000007c0000000)
  eden space 49152K, 58% used [0x0000000780d80000,0x0000000782994880,0x0000000783d80000)
  from space 7680K, 0% used [0x0000000786680000,0x0000000786680000,0x0000000786e00000)
  to   space 7680K, 0% used [0x0000000783d80000,0x0000000783d80000,0x0000000784500000)
 ParOldGen       total 107008K, used 96627K [0x0000000702800000, 0x0000000709080000, 0x0000000780d80000)
  object space 107008K, 90% used [0x0000000702800000,0x000000070865cc30,0x0000000709080000)
 Metaspace       used 24871K, capacity 26062K, committed 26112K, reserved 1071104K
  class space    used 3299K, capacity 3558K, committed 3584K, reserved 1048576K
GC Heap History (10 events):
Event: 12.257 GC heap before
{Heap before GC invocations=2 (full 0):
 PSYoungGen      total 56832K, used 41794K [0x0000000780d80000, 0x0000000784c80000, 0x00000007c0000000)
  eden space 49152K, 69% used [0x0000000780d80000,0x0000000782ed6058,0x0000000783d80000)
  from space 7680K, 99% used [0x0000000783d80000,0x00000007844faa18,0x0000000784500000)
  to   space 7680K, 0% used [0x0000000784500000,0x0000000784500000,0x0000000784c80000)
 ParOldGen       total 130048K, used 4617K [0x0000000702800000, 0x000000070a700000, 0x0000000780d80000)
  object space 130048K, 3% used [0x0000000702800000,0x0000000702c82648,0x000000070a700000)
 Metaspace       used 20521K, capacity 21266K, committed 21296K, reserved 1067008K
  class space    used 2744K, capacity 2928K, committed 2944K, reserved 1048576K
Event: 12.263 GC heap after
Heap after GC invocations=2 (full 0):
 PSYoungGen      total 56832K, used 7668K [0x0000000780d80000, 0x0000000784c80000, 0x00000007c0000000)
  eden space 49152K, 0% used [0x0000000780d80000,0x0000000780d80000,0x0000000783d80000)
  from space 7680K, 99% used [0x0000000784500000,0x0000000784c7d090,0x0000000784c80000)
  to   space 7680K, 0% used [0x0000000783d80000,0x0000000783d80000,0x0000000784500000)
 ParOldGen       total 130048K, used 25865K [0x0000000702800000, 0x000000070a700000, 0x0000000780d80000)
  object space 130048K, 19% used [0x0000000702800000,0x0000000704142538,0x000000070a700000)
 Metaspace       used 20521K, capacity 21266K, committed 21296K, reserved 1067008K
  class space    used 2744K, capacity 2928K, committed 2944K, reserved 1048576K
}
Event: 12.263 GC heap before
{Heap before GC invocations=3 (full 1):
 PSYoungGen      total 56832K, used 7668K [0x0000000780d80000, 0x0000000784c80000, 0x00000007c0000000)
  eden space 49152K, 0% used [0x0000000780d80000,0x0000000780d80000,0x0000000783d80000)
  from space 7680K, 99% used [0x0000000784500000,0x0000000784c7d090,0x0000000784c80000)
  to   space 7680K, 0% used [0x0000000783d80000,0x0000000783d80000,0x0000000784500000)
 ParOldGen       total 130048K, used 25865K [0x0000000702800000, 0x000000070a700000, 0x0000000780d80000)
  object space 130048K, 19% used [0x0000000702800000,0x0000000704142538,0x000000070a700000)
 Metaspace       used 20521K, capacity 21266K, committed 21296K, reserved 1067008K
  class space    used 2744K, capacity 2928K, committed 2944K, reserved 1048576K
Event: 12.305 GC heap after
Heap after GC invocations=3 (full 1):
 PSYoungGen      total 56832K, used 0K [0x0000000780d80000, 0x0000000784c80000, 0x00000007c0000000)
  eden space 49152K, 0% used [0x0000000780d80000,0x0000000780d80000,0x0000000783d80000)
  from space 7680K, 0% used [0x0000000784500000,0x0000000784500000,0x0000000784c80000)
  to   space 7680K, 0% used [0x0000000783d80000,0x0000000783d80000,0x0000000784500000)
 ParOldGen       total 107008K, used 31977K [0x0000000702800000, 0x0000000709080000, 0x0000000780d80000)
  object space 107008K, 29% used [0x0000000702800000,0x000000070473a7d0,0x0000000709080000)
 Metaspace       used 20521K, capacity 21266K, committed 21296K, reserved 1067008K
  class space    used 2744K, capacity 2928K, committed 2944K, reserved 1048576K
}
Event: 12.548 GC heap before
{Heap before GC invocations=4 (full 1):
 PSYoungGen      total 56832K, used 32251K [0x0000000780d80000, 0x0000000784c80000, 0x00000007c0000000)
  eden space 49152K, 65% used [0x0000000780d80000,0x0000000782cfee18,0x0000000783d80000)
  from space 7680K, 0% used [0x0000000784500000,0x0000000784500000,0x0000000784c80000)
  to   space 7680K, 0% used [0x0000000783d80000,0x0000000783d80000,0x0000000784500000)
 ParOldGen       total 107008K, used 31977K [0x0000000702800000, 0x0000000709080000, 0x0000000780d80000)
  object space 107008K, 29% used [0x0000000702800000,0x000000070473a7d0,0x0000000709080000)
 Metaspace       used 22522K, capacity 23304K, committed 23424K, reserved 1069056K
  class space    used 2959K, capacity 3157K, committed 3200K, reserved 1048576K
Event: 12.554 GC heap after
Heap after GC invocations=4 (full 1):
 PSYoungGen      total 56832K, used 7649K [0x0000000780d80000, 0x0000000786e00000, 0x00000007c0000000)
  eden space 49152K, 0% used [0x0000000780d80000,0x0000000780d80000,0x0000000783d80000)
  from space 7680K, 99% used [0x0000000783d80000,0x00000007844f8470,0x0000000784500000)
  to   space 7680K, 0% used [0x0000000786680000,0x0000000786680000,0x0000000786e00000)
 ParOldGen       total 107008K, used 52482K [0x0000000702800000, 0x0000000709080000, 0x0000000780d80000)
  object space 107008K, 49% used [0x0000000702800000,0x0000000705b40810,0x0000000709080000)
 Metaspace       used 22522K, capacity 23304K, committed 23424K, reserved 1069056K
  class space    used 2959K, capacity 3157K, committed 3200K, reserved 1048576K
}
Event: 20.663 GC heap before
{Heap before GC invocations=5 (full 1):
 PSYoungGen      total 56832K, used 56801K [0x0000000780d80000, 0x0000000786e00000, 0x00000007c0000000)
  eden space 49152K, 100% used [0x0000000780d80000,0x0000000783d80000,0x0000000783d80000)
  from space 7680K, 99% used [0x0000000783d80000,0x00000007844f8470,0x0000000784500000)
  to   space 7680K, 0% used [0x0000000786680000,0x0000000786680000,0x0000000786e00000)
 ParOldGen       total 107008K, used 52482K [0x0000000702800000, 0x0000000709080000, 0x0000000780d80000)
  object space 107008K, 49% used [0x0000000702800000,0x0000000705b40810,0x0000000709080000)
 Metaspace       used 23777K, capacity 24686K, committed 24960K, reserved 1071104K
  class space    used 3158K, capacity 3394K, committed 3456K, reserved 1048576K
Event: 20.676 GC heap after
Heap after GC invocations=5 (full 1):
 PSYoungGen      total 56832K, used 7667K [0x0000000780d80000, 0x0000000786e00000, 0x00000007c0000000)
  eden space 49152K, 0% used [0x0000000780d80000,0x0000000780d80000,0x0000000783d80000)
  from space 7680K, 99% used [0x0000000786680000,0x0000000786dfcef8,0x0000000786e00000)
  to   space 7680K, 0% used [0x0000000783d80000,0x0000000783d80000,0x0000000784500000)
 ParOldGen       total 107008K, used 92895K [0x0000000702800000, 0x0000000709080000, 0x0000000780d80000)
  object space 107008K, 86% used [0x0000000702800000,0x00000007082b7eb8,0x0000000709080000)
 Metaspace       used 23777K, capacity 24686K, committed 24960K, reserved 1071104K
  class space    used 3158K, capacity 3394K, committed 3456K, reserved 1048576K
}
Event: 20.676 GC heap before
{Heap before GC invocations=6 (full 2):
 PSYoungGen      total 56832K, used 7667K [0x0000000780d80000, 0x0000000786e00000, 0x00000007c0000000)
  eden space 49152K, 0% used [0x0000000780d80000,0x0000000780d80000,0x0000000783d80000)
  from space 7680K, 99% used [0x0000000786680000,0x0000000786dfcef8,0x0000000786e00000)
  to   space 7680K, 0% used [0x0000000783d80000,0x0000000783d80000,0x0000000784500000)
 ParOldGen       total 107008K, used 92895K [0x0000000702800000, 0x0000000709080000, 0x0000000780d80000)
  object space 107008K, 86% used [0x0000000702800000,0x00000007082b7eb8,0x0000000709080000)
 Metaspace       used 23777K, capacity 24686K, committed 24960K, reserved 1071104K
  class space    used 3158K, capacity 3394K, committed 3456K, reserved 1048576K
Event: 20.733 GC heap after
Heap after GC invocations=6 (full 2):
 PSYoungGen      total 56832K, used 0K [0x0000000780d80000, 0x0000000786e00000, 0x00000007c0000000)
  eden space 49152K, 0% used [0x0000000780d80000,0x0000000780d80000,0x0000000783d80000)
  from space 7680K, 0% used [0x0000000786680000,0x0000000786680000,0x0000000786e00000)
  to   space 7680K, 0% used [0x0000000783d80000,0x0000000783d80000,0x0000000784500000)
 ParOldGen       total 107008K, used 96627K [0x0000000702800000, 0x0000000709080000, 0x0000000780d80000)
  object space 107008K, 90% used [0x0000000702800000,0x000000070865cc30,0x0000000709080000)
 Metaspace       used 23777K, capacity 24686K, committed 24960K, reserved 1071104K
  class space    used 3158K, capacity 3394K, committed 3456K, reserved 1048576K
}

