# JRE version: Java(TM) SE Runtime Environment (8.0_60-b27) (build 1.8.0_60-b27)
# Java VM: Java HotSpot(TM) 64-Bit Server VM (25.60-b23 mixed mode windows-amd64 compressed oops)
Heap:
 PSYoungGen      total 182272K, used 134984K [0x0000000780d80000, 0x0000000791800000, 0x00000007c0000000)
  eden space 98304K, 54% used [0x0000000780d80000,0x00000007841ee500,0x0000000786d80000)
  from space 83968K, 96% used [0x000000078c600000,0x0000000791563b28,0x0000000791800000)
  to   space 7680K, 0% used [0x0000000786d80000,0x0000000786d80000,0x0000000787500000)
 ParOldGen       total 379392K, used 195573K [0x0000000702800000, 0x0000000719a80000, 0x0000000780d80000)
  object space 379392K, 51% used [0x0000000702800000,0x000000070e6fd7b8,0x0000000719a80000)
 Metaspace       used 23886K, capacity 24816K, committed 24960K, reserved 1071104K
  class space    used 3169K, capacity 3401K, committed 3456K, reserved 1048576K
GC Heap History (10 events):
Event: 3.087 GC heap before
{Heap before GC invocations=4 (full 1):
 PSYoungGen      total 56832K, used 7672K [0x0000000780d80000, 0x0000000787c80000, 0x00000007c0000000)
  eden space 49152K, 0% used [0x0000000780d80000,0x0000000780d80000,0x0000000783d80000)
  from space 7680K, 99% used [0x0000000783d80000,0x00000007844fe220,0x0000000784500000)
  to   space 7680K, 0% used [0x0000000787500000,0x0000000787500000,0x0000000787c80000)
 ParOldGen       total 130048K, used 101746K [0x0000000702800000, 0x000000070a700000, 0x0000000780d80000)
  object space 130048K, 78% used [0x0000000702800000,0x0000000708b5ca20,0x000000070a700000)
 Metaspace       used 17388K, capacity 17846K, committed 17920K, reserved 1064960K
  class space    used 2135K, capacity 2272K, committed 2304K, reserved 1048576K
Event: 3.145 GC heap after
Heap after GC invocations=4 (full 1):
 PSYoungGen      total 56832K, used 0K [0x0000000780d80000, 0x0000000787c80000, 0x00000007c0000000)
  eden space 49152K, 0% used [0x0000000780d80000,0x0000000780d80000,0x0000000783d80000)
  from space 7680K, 0% used [0x0000000783d80000,0x0000000783d80000,0x0000000784500000)
  to   space 7680K, 0% used [0x0000000787500000,0x0000000787500000,0x0000000787c80000)
 ParOldGen       total 245760K, used 108448K [0x0000000702800000, 0x0000000711800000, 0x0000000780d80000)
  object space 245760K, 44% used [0x0000000702800000,0x00000007091e83d0,0x0000000711800000)
 Metaspace       used 17388K, capacity 17846K, committed 17920K, reserved 1064960K
  class space    used 2135K, capacity 2272K, committed 2304K, reserved 1048576K
}
Event: 13.676 GC heap before
{Heap before GC invocations=5 (full 1):
 PSYoungGen      total 56832K, used 48403K [0x0000000780d80000, 0x0000000787c80000, 0x00000007c0000000)
  eden space 49152K, 98% used [0x0000000780d80000,0x0000000783cc4f88,0x0000000783d80000)
  from space 7680K, 0% used [0x0000000783d80000,0x0000000783d80000,0x0000000784500000)
  to   space 7680K, 0% used [0x0000000787500000,0x0000000787500000,0x0000000787c80000)
 ParOldGen       total 245760K, used 108448K [0x0000000702800000, 0x0000000711800000, 0x0000000780d80000)
  object space 245760K, 44% used [0x0000000702800000,0x00000007091e83d0,0x0000000711800000)
 Metaspace       used 22339K, capacity 23252K, committed 23424K, reserved 1069056K
  class space    used 2986K, capacity 3195K, committed 3200K, reserved 1048576K
Event: 13.682 GC heap after
Heap after GC invocations=5 (full 1):
 PSYoungGen      total 78336K, used 7673K [0x0000000780d80000, 0x0000000787c80000, 0x00000007c0000000)
  eden space 70656K, 0% used [0x0000000780d80000,0x0000000780d80000,0x0000000785280000)
  from space 7680K, 99% used [0x0000000787500000,0x0000000787c7e5f0,0x0000000787c80000)
  to   space 7680K, 0% used [0x0000000786d80000,0x0000000786d80000,0x0000000787500000)
 ParOldGen       total 245760K, used 126609K [0x0000000702800000, 0x0000000711800000, 0x0000000780d80000)
  object space 245760K, 51% used [0x0000000702800000,0x000000070a3a47d8,0x0000000711800000)
 Metaspace       used 22339K, capacity 23252K, committed 23424K, reserved 1069056K
  class space    used 2986K, capacity 3195K, committed 3200K, reserved 1048576K
}
Event: 14.218 GC heap before
{Heap before GC invocations=6 (full 1):
 PSYoungGen      total 78336K, used 73181K [0x0000000780d80000, 0x0000000787c80000, 0x00000007c0000000)
  eden space 70656K, 92% used [0x0000000780d80000,0x0000000784d791c8,0x0000000785280000)
  from space 7680K, 99% used [0x0000000787500000,0x0000000787c7e5f0,0x0000000787c80000)
  to   space 7680K, 0% used [0x0000000786d80000,0x0000000786d80000,0x0000000787500000)
 ParOldGen       total 245760K, used 126609K [0x0000000702800000, 0x0000000711800000, 0x0000000780d80000)
  object space 245760K, 51% used [0x0000000702800000,0x000000070a3a47d8,0x0000000711800000)
 Metaspace       used 22419K, capacity 23316K, committed 23424K, reserved 1069056K
  class space    used 2986K, capacity 3195K, committed 3200K, reserved 1048576K
Event: 14.234 GC heap after
Heap after GC invocations=6 (full 1):
 PSYoungGen      total 105984K, used 7674K [0x0000000780d80000, 0x0000000791800000, 0x00000007c0000000)
  eden space 98304K, 0% used [0x0000000780d80000,0x0000000780d80000,0x0000000786d80000)
  from space 7680K, 99% used [0x0000000786d80000,0x00000007874fe8d0,0x0000000787500000)
  to   space 83968K, 0% used [0x000000078c600000,0x000000078c600000,0x0000000791800000)
 ParOldGen       total 245760K, used 188065K [0x0000000702800000, 0x0000000711800000, 0x0000000780d80000)
  object space 245760K, 76% used [0x0000000702800000,0x000000070dfa86c8,0x0000000711800000)
 Metaspace       used 22419K, capacity 23316K, committed 23424K, reserved 1069056K
  class space    used 2986K, capacity 3195K, committed 3200K, reserved 1048576K
}
Event: 14.234 GC heap before
{Heap before GC invocations=7 (full 2):
 PSYoungGen      total 105984K, used 7674K [0x0000000780d80000, 0x0000000791800000, 0x00000007c0000000)
  eden space 98304K, 0% used [0x0000000780d80000,0x0000000780d80000,0x0000000786d80000)
  from space 7680K, 99% used [0x0000000786d80000,0x00000007874fe8d0,0x0000000787500000)
  to   space 83968K, 0% used [0x000000078c600000,0x000000078c600000,0x0000000791800000)
 ParOldGen       total 245760K, used 188065K [0x0000000702800000, 0x0000000711800000, 0x0000000780d80000)
  object space 245760K, 76% used [0x0000000702800000,0x000000070dfa86c8,0x0000000711800000)
 Metaspace       used 22419K, capacity 23316K, committed 23424K, reserved 1069056K
  class space    used 2986K, capacity 3195K, committed 3200K, reserved 1048576K
Event: 14.342 GC heap after
Heap after GC invocations=7 (full 2):
 PSYoungGen      total 105984K, used 0K [0x0000000780d80000, 0x0000000791800000, 0x00000007c0000000)
  eden space 98304K, 0% used [0x0000000780d80000,0x0000000780d80000,0x0000000786d80000)
  from space 7680K, 0% used [0x0000000786d80000,0x0000000786d80000,0x0000000787500000)
  to   space 83968K, 0% used [0x000000078c600000,0x000000078c600000,0x0000000791800000)
 ParOldGen       total 379392K, used 195565K [0x0000000702800000, 0x0000000719a80000, 0x0000000780d80000)
  object space 379392K, 51% used [0x0000000702800000,0x000000070e6fb7b8,0x0000000719a80000)
 Metaspace       used 22419K, capacity 23316K, committed 23424K, reserved 1069056K
  class space    used 2986K, capacity 3195K, committed 3200K, reserved 1048576K
}
Event: 31.854 GC heap before
{Heap before GC invocations=8 (full 2):
 PSYoungGen      total 105984K, used 98166K [0x0000000780d80000, 0x0000000791800000, 0x00000007c0000000)
  eden space 98304K, 99% used [0x0000000780d80000,0x0000000786d5d9e8,0x0000000786d80000)
  from space 7680K, 0% used [0x0000000786d80000,0x0000000786d80000,0x0000000787500000)
  to   space 83968K, 0% used [0x000000078c600000,0x000000078c600000,0x0000000791800000)
 ParOldGen       total 379392K, used 195565K [0x0000000702800000, 0x0000000719a80000, 0x0000000780d80000)
  object space 379392K, 51% used [0x0000000702800000,0x000000070e6fb7b8,0x0000000719a80000)
 Metaspace       used 23749K, capacity 24684K, committed 24960K, reserved 1071104K
  class space    used 3169K, capacity 3401K, committed 3456K, reserved 1048576K
Event: 31.869 GC heap after
Heap after GC invocations=8 (full 2):
 PSYoungGen      total 182272K, used 81294K [0x0000000780d80000, 0x0000000791800000, 0x00000007c0000000)
  eden space 98304K, 0% used [0x0000000780d80000,0x0000000780d80000,0x0000000786d80000)
  from space 83968K, 96% used [0x000000078c600000,0x0000000791563b28,0x0000000791800000)
  to   space 7680K, 0% used [0x0000000786d80000,0x0000000786d80000,0x0000000787500000)
 ParOldGen       total 379392K, used 195573K [0x0000000702800000, 0x0000000719a80000, 0x0000000780d80000)
  object space 379392K, 51% used [0x0000000702800000,0x000000070e6fd7b8,0x0000000719a80000)
 Metaspace       used 23749K, capacity 24684K, committed 24960K, reserved 1071104K
  class space    used 3169K, capacity 3401K, committed 3456K, reserved 1048576K
}

