# JRE version: Java(TM) SE Runtime Environment (8.0_60-b27) (build 1.8.0_60-b27)
# Java VM: Java HotSpot(TM) 64-Bit Server VM (25.60-b23 mixed mode windows-amd64 compressed oops)
Heap:
 PSYoungGen      total 168960K, used 139982K [0x0000000780d80000, 0x0000000798200000, 0x00000007c0000000)
  eden space 30720K, 6% used [0x0000000780d80000,0x0000000780f7c568,0x0000000782b80000)
  from space 138240K, 99% used [0x000000078c900000,0x0000000794fb7390,0x0000000795000000)
  to   space 161280K, 0% used [0x0000000782b80000,0x0000000782b80000,0x000000078c900000)
 ParOldGen       total 241152K, used 137554K [0x0000000702800000, 0x0000000711380000, 0x0000000780d80000)
  object space 241152K, 57% used [0x0000000702800000,0x000000070ae54b00,0x0000000711380000)
 Metaspace       used 24671K, capacity 25654K, committed 25728K, reserved 1071104K
  class space    used 3159K, capacity 3384K, committed 3456K, reserved 1048576K
GC Heap History (10 events):
Event: 45.199 GC heap before
{Heap before GC invocations=11 (full 3):
 PSYoungGen      total 102912K, used 44367K [0x0000000780d80000, 0x000000078e100000, 0x00000007c0000000)
  eden space 45568K, 97% used [0x0000000780d80000,0x00000007838d3c50,0x0000000783a00000)
  from space 57344K, 0% used [0x0000000783a00000,0x0000000783a00000,0x0000000787200000)
  to   space 81920K, 0% used [0x0000000789100000,0x0000000789100000,0x000000078e100000)
 ParOldGen       total 241152K, used 49416K [0x0000000702800000, 0x0000000711380000, 0x0000000780d80000)
  object space 241152K, 20% used [0x0000000702800000,0x00000007058421f0,0x0000000711380000)
 Metaspace       used 24287K, capacity 25236K, committed 25472K, reserved 1071104K
  class space    used 3151K, capacity 3371K, committed 3456K, reserved 1048576K
Event: 45.210 GC heap after
Heap after GC invocations=11 (full 3):
 PSYoungGen      total 135680K, used 43391K [0x0000000780d80000, 0x000000078ed00000, 0x00000007c0000000)
  eden space 53760K, 0% used [0x0000000780d80000,0x0000000780d80000,0x0000000784200000)
  from space 81920K, 52% used [0x0000000789100000,0x000000078bb5ff68,0x000000078e100000)
  to   space 80896K, 0% used [0x0000000784200000,0x0000000784200000,0x0000000789100000)
 ParOldGen       total 241152K, used 49424K [0x0000000702800000, 0x0000000711380000, 0x0000000780d80000)
  object space 241152K, 20% used [0x0000000702800000,0x00000007058441f0,0x0000000711380000)
 Metaspace       used 24287K, capacity 25236K, committed 25472K, reserved 1071104K
  class space    used 3151K, capacity 3371K, committed 3456K, reserved 1048576K
}
Event: 48.869 GC heap before
{Heap before GC invocations=12 (full 3):
 PSYoungGen      total 135680K, used 96080K [0x0000000780d80000, 0x000000078ed00000, 0x00000007c0000000)
  eden space 53760K, 98% used [0x0000000780d80000,0x00000007840f41d8,0x0000000784200000)
  from space 81920K, 52% used [0x0000000789100000,0x000000078bb5ff68,0x000000078e100000)
  to   space 80896K, 0% used [0x0000000784200000,0x0000000784200000,0x0000000789100000)
 ParOldGen       total 241152K, used 49424K [0x0000000702800000, 0x0000000711380000, 0x0000000780d80000)
  object space 241152K, 20% used [0x0000000702800000,0x00000007058441f0,0x0000000711380000)
 Metaspace       used 24470K, capacity 25398K, committed 25472K, reserved 1071104K
  class space    used 3158K, capacity 3384K, committed 3456K, reserved 1048576K
Event: 48.880 GC heap after
Heap after GC invocations=12 (full 3):
 PSYoungGen      total 134656K, used 80802K [0x0000000780d80000, 0x0000000790800000, 0x00000007c0000000)
  eden space 53760K, 0% used [0x0000000780d80000,0x0000000780d80000,0x0000000784200000)
  from space 80896K, 99% used [0x0000000784200000,0x00000007890e8ab0,0x0000000789100000)
  to   space 94720K, 0% used [0x000000078ab80000,0x000000078ab80000,0x0000000790800000)
 ParOldGen       total 241152K, used 55576K [0x0000000702800000, 0x0000000711380000, 0x0000000780d80000)
  object space 241152K, 23% used [0x0000000702800000,0x0000000705e46250,0x0000000711380000)
 Metaspace       used 24470K, capacity 25398K, committed 25472K, reserved 1071104K
  class space    used 3158K, capacity 3384K, committed 3456K, reserved 1048576K
}
Event: 50.430 GC heap before
{Heap before GC invocations=13 (full 3):
 PSYoungGen      total 134656K, used 134543K [0x0000000780d80000, 0x0000000790800000, 0x00000007c0000000)
  eden space 53760K, 99% used [0x0000000780d80000,0x00000007841fb4e0,0x0000000784200000)
  from space 80896K, 99% used [0x0000000784200000,0x00000007890e8ab0,0x0000000789100000)
  to   space 94720K, 0% used [0x000000078ab80000,0x000000078ab80000,0x0000000790800000)
 ParOldGen       total 241152K, used 55576K [0x0000000702800000, 0x0000000711380000, 0x0000000780d80000)
  object space 241152K, 23% used [0x0000000702800000,0x0000000705e46250,0x0000000711380000)
 Metaspace       used 24554K, capacity 25526K, committed 25728K, reserved 1071104K
  class space    used 3158K, capacity 3384K, committed 3456K, reserved 1048576K
Event: 50.455 GC heap after
Heap after GC invocations=13 (full 3):
 PSYoungGen      total 137728K, used 94697K [0x0000000780d80000, 0x0000000793800000, 0x00000007c0000000)
  eden space 43008K, 0% used [0x0000000780d80000,0x0000000780d80000,0x0000000783780000)
  from space 94720K, 99% used [0x000000078ab80000,0x00000007907fa720,0x0000000790800000)
  to   space 118784K, 0% used [0x0000000783780000,0x0000000783780000,0x000000078ab80000)
 ParOldGen       total 241152K, used 79446K [0x0000000702800000, 0x0000000711380000, 0x0000000780d80000)
  object space 241152K, 32% used [0x0000000702800000,0x0000000707595a60,0x0000000711380000)
 Metaspace       used 24554K, capacity 25526K, committed 25728K, reserved 1071104K
  class space    used 3158K, capacity 3384K, committed 3456K, reserved 1048576K
}
Event: 52.463 GC heap before
{Heap before GC invocations=14 (full 3):
 PSYoungGen      total 137728K, used 137329K [0x0000000780d80000, 0x0000000793800000, 0x00000007c0000000)
  eden space 43008K, 99% used [0x0000000780d80000,0x0000000783721f68,0x0000000783780000)
  from space 94720K, 99% used [0x000000078ab80000,0x00000007907fa720,0x0000000790800000)
  to   space 118784K, 0% used [0x0000000783780000,0x0000000783780000,0x000000078ab80000)
 ParOldGen       total 241152K, used 79446K [0x0000000702800000, 0x0000000711380000, 0x0000000780d80000)
  object space 241152K, 32% used [0x0000000702800000,0x0000000707595a60,0x0000000711380000)
 Metaspace       used 24608K, capacity 25654K, committed 25728K, reserved 1071104K
  class space    used 3158K, capacity 3384K, committed 3456K, reserved 1048576K
Event: 52.478 GC heap after
Heap after GC invocations=14 (full 3):
 PSYoungGen      total 161792K, used 118556K [0x0000000780d80000, 0x0000000795000000, 0x00000007c0000000)
  eden space 43008K, 0% used [0x0000000780d80000,0x0000000780d80000,0x0000000783780000)
  from space 118784K, 99% used [0x0000000783780000,0x000000078ab472c0,0x000000078ab80000)
  to   space 138240K, 0% used [0x000000078c900000,0x000000078c900000,0x0000000795000000)
 ParOldGen       total 241152K, used 93790K [0x0000000702800000, 0x0000000711380000, 0x0000000780d80000)
  object space 241152K, 38% used [0x0000000702800000,0x0000000708397ac0,0x0000000711380000)
 Metaspace       used 24608K, capacity 25654K, committed 25728K, reserved 1071104K
  class space    used 3158K, capacity 3384K, committed 3456K, reserved 1048576K
}
Event: 52.816 GC heap before
{Heap before GC invocations=15 (full 3):
 PSYoungGen      total 161792K, used 161564K [0x0000000780d80000, 0x0000000795000000, 0x00000007c0000000)
  eden space 43008K, 100% used [0x0000000780d80000,0x0000000783780000,0x0000000783780000)
  from space 118784K, 99% used [0x0000000783780000,0x000000078ab472c0,0x000000078ab80000)
  to   space 138240K, 0% used [0x000000078c900000,0x000000078c900000,0x0000000795000000)
 ParOldGen       total 241152K, used 118090K [0x0000000702800000, 0x0000000711380000, 0x0000000780d80000)
  object space 241152K, 48% used [0x0000000702800000,0x0000000709b52ad0,0x0000000711380000)
 Metaspace       used 24642K, capacity 25654K, committed 25728K, reserved 1071104K
  class space    used 3158K, capacity 3384K, committed 3456K, reserved 1048576K
Event: 52.837 GC heap after
Heap after GC invocations=15 (full 3):
 PSYoungGen      total 168960K, used 137948K [0x0000000780d80000, 0x0000000798200000, 0x00000007c0000000)
  eden space 30720K, 0% used [0x0000000780d80000,0x0000000780d80000,0x0000000782b80000)
  from space 138240K, 99% used [0x000000078c900000,0x0000000794fb7390,0x0000000795000000)
  to   space 161280K, 0% used [0x0000000782b80000,0x0000000782b80000,0x000000078c900000)
 ParOldGen       total 241152K, used 137554K [0x0000000702800000, 0x0000000711380000, 0x0000000780d80000)
  object space 241152K, 57% used [0x0000000702800000,0x000000070ae54b00,0x0000000711380000)
 Metaspace       used 24642K, capacity 25654K, committed 25728K, reserved 1071104K
  class space    used 3158K, capacity 3384K, committed 3456K, reserved 1048576K
}

