# JRE version: Java(TM) SE Runtime Environment (8.0_60-b27) (build 1.8.0_60-b27)
# Java VM: Java HotSpot(TM) 64-Bit Server VM (25.60-b23 mixed mode windows-amd64 compressed oops)
Heap:
 PSYoungGen      total 56832K, used 51873K [0x0000000780d80000, 0x0000000786500000, 0x00000007c0000000)
  eden space 49152K, 90% used [0x0000000780d80000,0x00000007838f8c70,0x0000000783d80000)
  from space 7680K, 95% used [0x0000000783d80000,0x00000007844af830,0x0000000784500000)
  to   space 7680K, 0% used [0x0000000785d80000,0x0000000785d80000,0x0000000786500000)
 ParOldGen       total 101376K, used 62408K [0x0000000702800000, 0x0000000708b00000, 0x0000000780d80000)
  object space 101376K, 61% used [0x0000000702800000,0x00000007064f2290,0x0000000708b00000)
 Metaspace       used 23964K, capacity 24988K, committed 25216K, reserved 1071104K
  class space    used 3193K, capacity 3433K, committed 3456K, reserved 1048576K
GC Heap History (8 events):
Event: 5.881 GC heap before
{Heap before GC invocations=1 (full 0):
 PSYoungGen      total 56832K, used 48713K [0x0000000780d80000, 0x0000000784c80000, 0x00000007c0000000)
  eden space 49152K, 99% used [0x0000000780d80000,0x0000000783d12460,0x0000000783d80000)
  from space 7680K, 0% used [0x0000000784500000,0x0000000784500000,0x0000000784c80000)
  to   space 7680K, 0% used [0x0000000783d80000,0x0000000783d80000,0x0000000784500000)
 ParOldGen       total 130048K, used 0K [0x0000000702800000, 0x000000070a700000, 0x0000000780d80000)
  object space 130048K, 0% used [0x0000000702800000,0x0000000702800000,0x000000070a700000)
 Metaspace       used 19079K, capacity 19776K, committed 19968K, reserved 1067008K
  class space    used 2605K, capacity 2775K, committed 2816K, reserved 1048576K
Event: 5.886 GC heap after
Heap after GC invocations=1 (full 0):
 PSYoungGen      total 56832K, used 7653K [0x0000000780d80000, 0x0000000784c80000, 0x00000007c0000000)
  eden space 49152K, 0% used [0x0000000780d80000,0x0000000780d80000,0x0000000783d80000)
  from space 7680K, 99% used [0x0000000783d80000,0x00000007844f9430,0x0000000784500000)
  to   space 7680K, 0% used [0x0000000784500000,0x0000000784500000,0x0000000784c80000)
 ParOldGen       total 130048K, used 6137K [0x0000000702800000, 0x000000070a700000, 0x0000000780d80000)
  object space 130048K, 4% used [0x0000000702800000,0x0000000702dfe518,0x000000070a700000)
 Metaspace       used 19079K, capacity 19776K, committed 19968K, reserved 1067008K
  class space    used 2605K, capacity 2775K, committed 2816K, reserved 1048576K
}
Event: 7.881 GC heap before
{Heap before GC invocations=2 (full 0):
 PSYoungGen      total 56832K, used 35784K [0x0000000780d80000, 0x0000000784c80000, 0x00000007c0000000)
  eden space 49152K, 57% used [0x0000000780d80000,0x00000007828f8e08,0x0000000783d80000)
  from space 7680K, 99% used [0x0000000783d80000,0x00000007844f9430,0x0000000784500000)
  to   space 7680K, 0% used [0x0000000784500000,0x0000000784500000,0x0000000784c80000)
 ParOldGen       total 130048K, used 6137K [0x0000000702800000, 0x000000070a700000, 0x0000000780d80000)
  object space 130048K, 4% used [0x0000000702800000,0x0000000702dfe518,0x000000070a700000)
 Metaspace       used 20476K, capacity 21222K, committed 21296K, reserved 1067008K
  class space    used 2752K, capacity 2930K, committed 2944K, reserved 1048576K
Event: 7.887 GC heap after
Heap after GC invocations=2 (full 0):
 PSYoungGen      total 56832K, used 7674K [0x0000000780d80000, 0x0000000784c80000, 0x00000007c0000000)
  eden space 49152K, 0% used [0x0000000780d80000,0x0000000780d80000,0x0000000783d80000)
  from space 7680K, 99% used [0x0000000784500000,0x0000000784c7ea58,0x0000000784c80000)
  to   space 7680K, 0% used [0x0000000783d80000,0x0000000783d80000,0x0000000784500000)
 ParOldGen       total 130048K, used 24214K [0x0000000702800000, 0x000000070a700000, 0x0000000780d80000)
  object space 130048K, 18% used [0x0000000702800000,0x0000000703fa5958,0x000000070a700000)
 Metaspace       used 20476K, capacity 21222K, committed 21296K, reserved 1067008K
  class space    used 2752K, capacity 2930K, committed 2944K, reserved 1048576K
}
Event: 7.887 GC heap before
{Heap before GC invocations=3 (full 1):
 PSYoungGen      total 56832K, used 7674K [0x0000000780d80000, 0x0000000784c80000, 0x00000007c0000000)
  eden space 49152K, 0% used [0x0000000780d80000,0x0000000780d80000,0x0000000783d80000)
  from space 7680K, 99% used [0x0000000784500000,0x0000000784c7ea58,0x0000000784c80000)
  to   space 7680K, 0% used [0x0000000783d80000,0x0000000783d80000,0x0000000784500000)
 ParOldGen       total 130048K, used 24214K [0x0000000702800000, 0x000000070a700000, 0x0000000780d80000)
  object space 130048K, 18% used [0x0000000702800000,0x0000000703fa5958,0x000000070a700000)
 Metaspace       used 20476K, capacity 21222K, committed 21296K, reserved 1067008K
  class space    used 2752K, capacity 2930K, committed 2944K, reserved 1048576K
Event: 7.931 GC heap after
Heap after GC invocations=3 (full 1):
 PSYoungGen      total 56832K, used 0K [0x0000000780d80000, 0x0000000784c80000, 0x00000007c0000000)
  eden space 49152K, 0% used [0x0000000780d80000,0x0000000780d80000,0x0000000783d80000)
  from space 7680K, 0% used [0x0000000784500000,0x0000000784500000,0x0000000784c80000)
  to   space 7680K, 0% used [0x0000000783d80000,0x0000000783d80000,0x0000000784500000)
 ParOldGen       total 101376K, used 30700K [0x0000000702800000, 0x0000000708b00000, 0x0000000780d80000)
  object space 101376K, 30% used [0x0000000702800000,0x00000007045fb108,0x0000000708b00000)
 Metaspace       used 20476K, capacity 21222K, committed 21296K, reserved 1067008K
  class space    used 2752K, capacity 2930K, committed 2944K, reserved 1048576K
}
Event: 8.360 GC heap before
{Heap before GC invocations=4 (full 1):
 PSYoungGen      total 56832K, used 49039K [0x0000000780d80000, 0x0000000784c80000, 0x00000007c0000000)
  eden space 49152K, 99% used [0x0000000780d80000,0x0000000783d63de0,0x0000000783d80000)
  from space 7680K, 0% used [0x0000000784500000,0x0000000784500000,0x0000000784c80000)
  to   space 7680K, 0% used [0x0000000783d80000,0x0000000783d80000,0x0000000784500000)
 ParOldGen       total 101376K, used 30700K [0x0000000702800000, 0x0000000708b00000, 0x0000000780d80000)
  object space 101376K, 30% used [0x0000000702800000,0x00000007045fb108,0x0000000708b00000)
 Metaspace       used 22221K, capacity 22946K, committed 23168K, reserved 1069056K
  class space    used 2935K, capacity 3160K, committed 3200K, reserved 1048576K
Event: 8.367 GC heap after
Heap after GC invocations=4 (full 1):
 PSYoungGen      total 56832K, used 7358K [0x0000000780d80000, 0x0000000786500000, 0x00000007c0000000)
  eden space 49152K, 0% used [0x0000000780d80000,0x0000000780d80000,0x0000000783d80000)
  from space 7680K, 95% used [0x0000000783d80000,0x00000007844af830,0x0000000784500000)
  to   space 7680K, 0% used [0x0000000785d80000,0x0000000785d80000,0x0000000786500000)
 ParOldGen       total 101376K, used 62408K [0x0000000702800000, 0x0000000708b00000, 0x0000000780d80000)
  object space 101376K, 61% used [0x0000000702800000,0x00000007064f2290,0x0000000708b00000)
 Metaspace       used 22221K, capacity 22946K, committed 23168K, reserved 1069056K
  class space    used 2935K, capacity 3160K, committed 3200K, reserved 1048576K
}

