# JRE version: Java(TM) SE Runtime Environment (8.0_60-b27) (build 1.8.0_60-b27)
# Java VM: Java HotSpot(TM) 64-Bit Server VM (25.60-b23 mixed mode windows-amd64 compressed oops)
Heap:
 PSYoungGen      total 56832K, used 47713K [0x0000000780d80000, 0x0000000786700000, 0x00000007c0000000)
  eden space 49152K, 82% used [0x0000000780d80000,0x000000078351eab8,0x0000000783d80000)
  from space 7680K, 93% used [0x0000000783d80000,0x0000000784479c50,0x0000000784500000)
  to   space 7680K, 0% used [0x0000000785f80000,0x0000000785f80000,0x0000000786700000)
 ParOldGen       total 101376K, used 62748K [0x0000000702800000, 0x0000000708b00000, 0x0000000780d80000)
  object space 101376K, 61% used [0x0000000702800000,0x00000007065471a8,0x0000000708b00000)
 Metaspace       used 23426K, capacity 24334K, committed 24576K, reserved 1071104K
  class space    used 3085K, capacity 3320K, committed 3328K, reserved 1048576K
GC Heap History (8 events):
Event: 6.701 GC heap before
{Heap before GC invocations=1 (full 0):
 PSYoungGen      total 56832K, used 49152K [0x0000000780d80000, 0x0000000784c80000, 0x00000007c0000000)
  eden space 49152K, 100% used [0x0000000780d80000,0x0000000783d80000,0x0000000783d80000)
  from space 7680K, 0% used [0x0000000784500000,0x0000000784500000,0x0000000784c80000)
  to   space 7680K, 0% used [0x0000000783d80000,0x0000000783d80000,0x0000000784500000)
 ParOldGen       total 130048K, used 0K [0x0000000702800000, 0x000000070a700000, 0x0000000780d80000)
  object space 130048K, 0% used [0x0000000702800000,0x0000000702800000,0x000000070a700000)
 Metaspace       used 19166K, capacity 19840K, committed 20096K, reserved 1067008K
  class space    used 2616K, capacity 2839K, committed 2944K, reserved 1048576K
Event: 6.707 GC heap after
Heap after GC invocations=1 (full 0):
 PSYoungGen      total 56832K, used 7653K [0x0000000780d80000, 0x0000000784c80000, 0x00000007c0000000)
  eden space 49152K, 0% used [0x0000000780d80000,0x0000000780d80000,0x0000000783d80000)
  from space 7680K, 99% used [0x0000000783d80000,0x00000007844f9430,0x0000000784500000)
  to   space 7680K, 0% used [0x0000000784500000,0x0000000784500000,0x0000000784c80000)
 ParOldGen       total 130048K, used 6141K [0x0000000702800000, 0x000000070a700000, 0x0000000780d80000)
  object space 130048K, 4% used [0x0000000702800000,0x0000000702dff538,0x000000070a700000)
 Metaspace       used 19166K, capacity 19840K, committed 20096K, reserved 1067008K
  class space    used 2616K, capacity 2839K, committed 2944K, reserved 1048576K
}
Event: 8.608 GC heap before
{Heap before GC invocations=2 (full 0):
 PSYoungGen      total 56832K, used 36593K [0x0000000780d80000, 0x0000000784c80000, 0x00000007c0000000)
  eden space 49152K, 58% used [0x0000000780d80000,0x00000007829c3218,0x0000000783d80000)
  from space 7680K, 99% used [0x0000000783d80000,0x00000007844f9430,0x0000000784500000)
  to   space 7680K, 0% used [0x0000000784500000,0x0000000784500000,0x0000000784c80000)
 ParOldGen       total 130048K, used 6141K [0x0000000702800000, 0x000000070a700000, 0x0000000780d80000)
  object space 130048K, 4% used [0x0000000702800000,0x0000000702dff538,0x000000070a700000)
 Metaspace       used 20361K, capacity 21130K, committed 21248K, reserved 1067008K
  class space    used 2739K, capacity 2962K, committed 3072K, reserved 1048576K
Event: 8.615 GC heap after
Heap after GC invocations=2 (full 0):
 PSYoungGen      total 56832K, used 7658K [0x0000000780d80000, 0x0000000784c80000, 0x00000007c0000000)
  eden space 49152K, 0% used [0x0000000780d80000,0x0000000780d80000,0x0000000783d80000)
  from space 7680K, 99% used [0x0000000784500000,0x0000000784c7aa68,0x0000000784c80000)
  to   space 7680K, 0% used [0x0000000783d80000,0x0000000783d80000,0x0000000784500000)
 ParOldGen       total 130048K, used 24204K [0x0000000702800000, 0x000000070a700000, 0x0000000780d80000)
  object space 130048K, 18% used [0x0000000702800000,0x0000000703fa31b0,0x000000070a700000)
 Metaspace       used 20361K, capacity 21130K, committed 21248K, reserved 1067008K
  class space    used 2739K, capacity 2962K, committed 3072K, reserved 1048576K
}
Event: 8.615 GC heap before
{Heap before GC invocations=3 (full 1):
 PSYoungGen      total 56832K, used 7658K [0x0000000780d80000, 0x0000000784c80000, 0x00000007c0000000)
  eden space 49152K, 0% used [0x0000000780d80000,0x0000000780d80000,0x0000000783d80000)
  from space 7680K, 99% used [0x0000000784500000,0x0000000784c7aa68,0x0000000784c80000)
  to   space 7680K, 0% used [0x0000000783d80000,0x0000000783d80000,0x0000000784500000)
 ParOldGen       total 130048K, used 24204K [0x0000000702800000, 0x000000070a700000, 0x0000000780d80000)
  object space 130048K, 18% used [0x0000000702800000,0x0000000703fa31b0,0x000000070a700000)
 Metaspace       used 20361K, capacity 21130K, committed 21248K, reserved 1067008K
  class space    used 2739K, capacity 2962K, committed 3072K, reserved 1048576K
Event: 8.658 GC heap after
Heap after GC invocations=3 (full 1):
 PSYoungGen      total 56832K, used 0K [0x0000000780d80000, 0x0000000784c80000, 0x00000007c0000000)
  eden space 49152K, 0% used [0x0000000780d80000,0x0000000780d80000,0x0000000783d80000)
  from space 7680K, 0% used [0x0000000784500000,0x0000000784500000,0x0000000784c80000)
  to   space 7680K, 0% used [0x0000000783d80000,0x0000000783d80000,0x0000000784500000)
 ParOldGen       total 101376K, used 30690K [0x0000000702800000, 0x0000000708b00000, 0x0000000780d80000)
  object space 101376K, 30% used [0x0000000702800000,0x00000007045f8a48,0x0000000708b00000)
 Metaspace       used 20361K, capacity 21130K, committed 21248K, reserved 1067008K
  class space    used 2739K, capacity 2962K, committed 3072K, reserved 1048576K
}
Event: 9.097 GC heap before
{Heap before GC invocations=4 (full 1):
 PSYoungGen      total 56832K, used 48835K [0x0000000780d80000, 0x0000000784c80000, 0x00000007c0000000)
  eden space 49152K, 99% used [0x0000000780d80000,0x0000000783d30c58,0x0000000783d80000)
  from space 7680K, 0% used [0x0000000784500000,0x0000000784500000,0x0000000784c80000)
  to   space 7680K, 0% used [0x0000000783d80000,0x0000000783d80000,0x0000000784500000)
 ParOldGen       total 101376K, used 30690K [0x0000000702800000, 0x0000000708b00000, 0x0000000780d80000)
  object space 101376K, 30% used [0x0000000702800000,0x00000007045f8a48,0x0000000708b00000)
 Metaspace       used 22385K, capacity 23206K, committed 23424K, reserved 1069056K
  class space    used 2947K, capacity 3160K, committed 3200K, reserved 1048576K
Event: 9.103 GC heap after
Heap after GC invocations=4 (full 1):
 PSYoungGen      total 56832K, used 7143K [0x0000000780d80000, 0x0000000786700000, 0x00000007c0000000)
  eden space 49152K, 0% used [0x0000000780d80000,0x0000000780d80000,0x0000000783d80000)
  from space 7680K, 93% used [0x0000000783d80000,0x0000000784479c50,0x0000000784500000)
  to   space 7680K, 0% used [0x0000000785f80000,0x0000000785f80000,0x0000000786700000)
 ParOldGen       total 101376K, used 62748K [0x0000000702800000, 0x0000000708b00000, 0x0000000780d80000)
  object space 101376K, 61% used [0x0000000702800000,0x00000007065471a8,0x0000000708b00000)
 Metaspace       used 22385K, capacity 23206K, committed 23424K, reserved 1069056K
  class space    used 2947K, capacity 3160K, committed 3200K, reserved 1048576K
}

