# JRE version: Java(TM) SE Runtime Environment (8.0_60-b27) (build 1.8.0_60-b27)
# Java VM: Java HotSpot(TM) 64-Bit Server VM (25.60-b23 mixed mode windows-amd64 compressed oops)
Heap:
 PSYoungGen      total 56832K, used 20022K [0x0000000780d80000, 0x0000000785700000, 0x00000007c0000000)
  eden space 49152K, 25% used [0x0000000780d80000,0x00000007819929d8,0x0000000783d80000)
  from space 7680K, 99% used [0x0000000784500000,0x0000000784c7af48,0x0000000784c80000)
  to   space 7680K, 0% used [0x0000000783d80000,0x0000000783d80000,0x0000000784500000)
 ParOldGen       total 93184K, used 30780K [0x0000000702800000, 0x0000000708300000, 0x0000000780d80000)
  object space 93184K, 33% used [0x0000000702800000,0x000000070460f0e0,0x0000000708300000)
 Metaspace       used 18046K, capacity 18780K, committed 18944K, reserved 1064960K
  class space    used 2536K, capacity 2729K, committed 2816K, reserved 1048576K
GC Heap History (6 events):
Event: 0.283 GC heap before
{Heap before GC invocations=1 (full 0):
 PSYoungGen      total 56832K, used 16810K [0x0000000780d80000, 0x0000000784c80000, 0x00000007c0000000)
  eden space 49152K, 34% used [0x0000000780d80000,0x0000000781deab20,0x0000000783d80000)
  from space 7680K, 0% used [0x0000000784500000,0x0000000784500000,0x0000000784c80000)
  to   space 7680K, 0% used [0x0000000783d80000,0x0000000783d80000,0x0000000784500000)
 ParOldGen       total 130048K, used 0K [0x0000000702800000, 0x000000070a700000, 0x0000000780d80000)
  object space 130048K, 0% used [0x0000000702800000,0x0000000702800000,0x000000070a700000)
 Metaspace       used 8994K, capacity 9320K, committed 9472K, reserved 1060864K
  class space    used 1044K, capacity 1166K, committed 1280K, reserved 1048576K
Event: 0.285 GC heap after
Heap after GC invocations=1 (full 0):
 PSYoungGen      total 56832K, used 2186K [0x0000000780d80000, 0x0000000784c80000, 0x00000007c0000000)
  eden space 49152K, 0% used [0x0000000780d80000,0x0000000780d80000,0x0000000783d80000)
  from space 7680K, 28% used [0x0000000783d80000,0x0000000783fa28c0,0x0000000784500000)
  to   space 7680K, 0% used [0x0000000784500000,0x0000000784500000,0x0000000784c80000)
 ParOldGen       total 130048K, used 72K [0x0000000702800000, 0x000000070a700000, 0x0000000780d80000)
  object space 130048K, 0% used [0x0000000702800000,0x0000000702812010,0x000000070a700000)
 Metaspace       used 8994K, capacity 9320K, committed 9472K, reserved 1060864K
  class space    used 1044K, capacity 1166K, committed 1280K, reserved 1048576K
}
Event: 0.285 GC heap before
{Heap before GC invocations=2 (full 1):
 PSYoungGen      total 56832K, used 2186K [0x0000000780d80000, 0x0000000784c80000, 0x00000007c0000000)
  eden space 49152K, 0% used [0x0000000780d80000,0x0000000780d80000,0x0000000783d80000)
  from space 7680K, 28% used [0x0000000783d80000,0x0000000783fa28c0,0x0000000784500000)
  to   space 7680K, 0% used [0x0000000784500000,0x0000000784500000,0x0000000784c80000)
 ParOldGen       total 130048K, used 72K [0x0000000702800000, 0x000000070a700000, 0x0000000780d80000)
  object space 130048K, 0% used [0x0000000702800000,0x0000000702812010,0x000000070a700000)
 Metaspace       used 8994K, capacity 9320K, committed 9472K, reserved 1060864K
  class space    used 1044K, capacity 1166K, committed 1280K, reserved 1048576K
Event: 0.295 GC heap after
Heap after GC invocations=2 (full 1):
 PSYoungGen      total 56832K, used 0K [0x0000000780d80000, 0x0000000784c80000, 0x00000007c0000000)
  eden space 49152K, 0% used [0x0000000780d80000,0x0000000780d80000,0x0000000783d80000)
  from space 7680K, 0% used [0x0000000783d80000,0x0000000783d80000,0x0000000784500000)
  to   space 7680K, 0% used [0x0000000784500000,0x0000000784500000,0x0000000784c80000)
 ParOldGen       total 93184K, used 2039K [0x0000000702800000, 0x0000000708300000, 0x0000000780d80000)
  object space 93184K, 2% used [0x0000000702800000,0x00000007029fde48,0x0000000708300000)
 Metaspace       used 8994K, capacity 9320K, committed 9472K, reserved 1058816K
  class space    used 1044K, capacity 1166K, committed 1280K, reserved 1048576K
}
Event: 0.854 GC heap before
{Heap before GC invocations=3 (full 1):
 PSYoungGen      total 56832K, used 48443K [0x0000000780d80000, 0x0000000784c80000, 0x00000007c0000000)
  eden space 49152K, 98% used [0x0000000780d80000,0x0000000783ccec88,0x0000000783d80000)
  from space 7680K, 0% used [0x0000000783d80000,0x0000000783d80000,0x0000000784500000)
  to   space 7680K, 0% used [0x0000000784500000,0x0000000784500000,0x0000000784c80000)
 ParOldGen       total 93184K, used 2039K [0x0000000702800000, 0x0000000708300000, 0x0000000780d80000)
  object space 93184K, 2% used [0x0000000702800000,0x00000007029fde48,0x0000000708300000)
 Metaspace       used 14207K, capacity 14638K, committed 14720K, reserved 1062912K
  class space    used 1777K, capacity 1912K, committed 1920K, reserved 1048576K
Event: 0.861 GC heap after
Heap after GC invocations=3 (full 1):
 PSYoungGen      total 56832K, used 7659K [0x0000000780d80000, 0x0000000785700000, 0x00000007c0000000)
  eden space 49152K, 0% used [0x0000000780d80000,0x0000000780d80000,0x0000000783d80000)
  from space 7680K, 99% used [0x0000000784500000,0x0000000784c7af48,0x0000000784c80000)
  to   space 7680K, 0% used [0x0000000783d80000,0x0000000783d80000,0x0000000784500000)
 ParOldGen       total 93184K, used 30780K [0x0000000702800000, 0x0000000708300000, 0x0000000780d80000)
  object space 93184K, 33% used [0x0000000702800000,0x000000070460f0e0,0x0000000708300000)
 Metaspace       used 14207K, capacity 14638K, committed 14720K, reserved 1062912K
  class space    used 1777K, capacity 1912K, committed 1920K, reserved 1048576K
}

