# JRE version: Java(TM) SE Runtime Environment (8.0_60-b27) (build 1.8.0_60-b27)
# Java VM: Java HotSpot(TM) 64-Bit Server VM (25.60-b23 mixed mode windows-amd64 compressed oops)
Heap:
 PSYoungGen      total 56832K, used 33418K [0x0000000780d80000, 0x0000000787580000, 0x00000007c0000000)
  eden space 49152K, 67% used [0x0000000780d80000,0x0000000782e228e8,0x0000000783d80000)
  from space 7680K, 0% used [0x0000000784500000,0x0000000784500000,0x0000000784c80000)
  to   space 7680K, 0% used [0x0000000783d80000,0x0000000783d80000,0x0000000784500000)
 ParOldGen       total 228352K, used 97441K [0x0000000702800000, 0x0000000710700000, 0x0000000780d80000)
  object space 228352K, 42% used [0x0000000702800000,0x0000000708728740,0x0000000710700000)
 Metaspace       used 24031K, capacity 24942K, committed 25216K, reserved 1071104K
  class space    used 3131K, capacity 3368K, committed 3456K, reserved 1048576K
GC Heap History (10 events):
Event: 18.198 GC heap before
{Heap before GC invocations=2 (full 0):
 PSYoungGen      total 56832K, used 42030K [0x0000000780d80000, 0x0000000784c80000, 0x00000007c0000000)
  eden space 49152K, 69% used [0x0000000780d80000,0x0000000782f11070,0x0000000783d80000)
  from space 7680K, 99% used [0x0000000783d80000,0x00000007844faa18,0x0000000784500000)
  to   space 7680K, 0% used [0x0000000784500000,0x0000000784500000,0x0000000784c80000)
 ParOldGen       total 130048K, used 4559K [0x0000000702800000, 0x000000070a700000, 0x0000000780d80000)
  object space 130048K, 3% used [0x0000000702800000,0x0000000702c73fe0,0x000000070a700000)
 Metaspace       used 20567K, capacity 21266K, committed 21296K, reserved 1067008K
  class space    used 2746K, capacity 2928K, committed 2944K, reserved 1048576K
Event: 18.204 GC heap after
Heap after GC invocations=2 (full 0):
 PSYoungGen      total 56832K, used 7668K [0x0000000780d80000, 0x0000000784c80000, 0x00000007c0000000)
  eden space 49152K, 0% used [0x0000000780d80000,0x0000000780d80000,0x0000000783d80000)
  from space 7680K, 99% used [0x0000000784500000,0x0000000784c7d070,0x0000000784c80000)
  to   space 7680K, 0% used [0x0000000783d80000,0x0000000783d80000,0x0000000784500000)
 ParOldGen       total 130048K, used 25925K [0x0000000702800000, 0x000000070a700000, 0x0000000780d80000)
  object space 130048K, 19% used [0x0000000702800000,0x0000000704151660,0x000000070a700000)
 Metaspace       used 20567K, capacity 21266K, committed 21296K, reserved 1067008K
  class space    used 2746K, capacity 2928K, committed 2944K, reserved 1048576K
}
Event: 18.204 GC heap before
{Heap before GC invocations=3 (full 1):
 PSYoungGen      total 56832K, used 7668K [0x0000000780d80000, 0x0000000784c80000, 0x00000007c0000000)
  eden space 49152K, 0% used [0x0000000780d80000,0x0000000780d80000,0x0000000783d80000)
  from space 7680K, 99% used [0x0000000784500000,0x0000000784c7d070,0x0000000784c80000)
  to   space 7680K, 0% used [0x0000000783d80000,0x0000000783d80000,0x0000000784500000)
 ParOldGen       total 130048K, used 25925K [0x0000000702800000, 0x000000070a700000, 0x0000000780d80000)
  object space 130048K, 19% used [0x0000000702800000,0x0000000704151660,0x000000070a700000)
 Metaspace       used 20567K, capacity 21266K, committed 21296K, reserved 1067008K
  class space    used 2746K, capacity 2928K, committed 2944K, reserved 1048576K
Event: 18.247 GC heap after
Heap after GC invocations=3 (full 1):
 PSYoungGen      total 56832K, used 0K [0x0000000780d80000, 0x0000000784c80000, 0x00000007c0000000)
  eden space 49152K, 0% used [0x0000000780d80000,0x0000000780d80000,0x0000000783d80000)
  from space 7680K, 0% used [0x0000000784500000,0x0000000784500000,0x0000000784c80000)
  to   space 7680K, 0% used [0x0000000783d80000,0x0000000783d80000,0x0000000784500000)
 ParOldGen       total 107008K, used 32020K [0x0000000702800000, 0x0000000709080000, 0x0000000780d80000)
  object space 107008K, 29% used [0x0000000702800000,0x0000000704745238,0x0000000709080000)
 Metaspace       used 20567K, capacity 21266K, committed 21296K, reserved 1067008K
  class space    used 2746K, capacity 2928K, committed 2944K, reserved 1048576K
}
Event: 18.519 GC heap before
{Heap before GC invocations=4 (full 1):
 PSYoungGen      total 56832K, used 32244K [0x0000000780d80000, 0x0000000784c80000, 0x00000007c0000000)
  eden space 49152K, 65% used [0x0000000780d80000,0x0000000782cfd388,0x0000000783d80000)
  from space 7680K, 0% used [0x0000000784500000,0x0000000784500000,0x0000000784c80000)
  to   space 7680K, 0% used [0x0000000783d80000,0x0000000783d80000,0x0000000784500000)
 ParOldGen       total 107008K, used 32020K [0x0000000702800000, 0x0000000709080000, 0x0000000780d80000)
  object space 107008K, 29% used [0x0000000702800000,0x0000000704745238,0x0000000709080000)
 Metaspace       used 22590K, capacity 23368K, committed 23680K, reserved 1069056K
  class space    used 2961K, capacity 3157K, committed 3200K, reserved 1048576K
Event: 18.525 GC heap after
Heap after GC invocations=4 (full 1):
 PSYoungGen      total 56832K, used 7664K [0x0000000780d80000, 0x0000000784c80000, 0x00000007c0000000)
  eden space 49152K, 0% used [0x0000000780d80000,0x0000000780d80000,0x0000000783d80000)
  from space 7680K, 99% used [0x0000000783d80000,0x00000007844fc270,0x0000000784500000)
  to   space 7680K, 0% used [0x0000000784500000,0x0000000784500000,0x0000000784c80000)
 ParOldGen       total 107008K, used 52532K [0x0000000702800000, 0x0000000709080000, 0x0000000780d80000)
  object space 107008K, 49% used [0x0000000702800000,0x0000000705b4d278,0x0000000709080000)
 Metaspace       used 22590K, capacity 23368K, committed 23680K, reserved 1069056K
  class space    used 2961K, capacity 3157K, committed 3200K, reserved 1048576K
}
Event: 18.906 GC heap before
{Heap before GC invocations=5 (full 1):
 PSYoungGen      total 56832K, used 56725K [0x0000000780d80000, 0x0000000784c80000, 0x00000007c0000000)
  eden space 49152K, 99% used [0x0000000780d80000,0x0000000783d69290,0x0000000783d80000)
  from space 7680K, 99% used [0x0000000783d80000,0x00000007844fc270,0x0000000784500000)
  to   space 7680K, 0% used [0x0000000784500000,0x0000000784500000,0x0000000784c80000)
 ParOldGen       total 107008K, used 52532K [0x0000000702800000, 0x0000000709080000, 0x0000000780d80000)
  object space 107008K, 49% used [0x0000000702800000,0x0000000705b4d278,0x0000000709080000)
 Metaspace       used 23438K, capacity 24374K, committed 24576K, reserved 1071104K
  class space    used 3095K, capacity 3318K, committed 3328K, reserved 1048576K
Event: 18.919 GC heap after
Heap after GC invocations=5 (full 1):
 PSYoungGen      total 56832K, used 7667K [0x0000000780d80000, 0x0000000787580000, 0x00000007c0000000)
  eden space 49152K, 0% used [0x0000000780d80000,0x0000000780d80000,0x0000000783d80000)
  from space 7680K, 99% used [0x0000000784500000,0x0000000784c7cf18,0x0000000784c80000)
  to   space 7680K, 0% used [0x0000000783d80000,0x0000000783d80000,0x0000000784500000)
 ParOldGen       total 107008K, used 91733K [0x0000000702800000, 0x0000000709080000, 0x0000000780d80000)
  object space 107008K, 85% used [0x0000000702800000,0x0000000708195660,0x0000000709080000)
 Metaspace       used 23438K, capacity 24374K, committed 24576K, reserved 1071104K
  class space    used 3095K, capacity 3318K, committed 3328K, reserved 1048576K
}
Event: 18.919 GC heap before
{Heap before GC invocations=6 (full 2):
 PSYoungGen      total 56832K, used 7667K [0x0000000780d80000, 0x0000000787580000, 0x00000007c0000000)
  eden space 49152K, 0% used [0x0000000780d80000,0x0000000780d80000,0x0000000783d80000)
  from space 7680K, 99% used [0x0000000784500000,0x0000000784c7cf18,0x0000000784c80000)
  to   space 7680K, 0% used [0x0000000783d80000,0x0000000783d80000,0x0000000784500000)
 ParOldGen       total 107008K, used 91733K [0x0000000702800000, 0x0000000709080000, 0x0000000780d80000)
  object space 107008K, 85% used [0x0000000702800000,0x0000000708195660,0x0000000709080000)
 Metaspace       used 23438K, capacity 24374K, committed 24576K, reserved 1071104K
  class space    used 3095K, capacity 3318K, committed 3328K, reserved 1048576K
Event: 18.973 GC heap after
Heap after GC invocations=6 (full 2):
 PSYoungGen      total 56832K, used 0K [0x0000000780d80000, 0x0000000787580000, 0x00000007c0000000)
  eden space 49152K, 0% used [0x0000000780d80000,0x0000000780d80000,0x0000000783d80000)
  from space 7680K, 0% used [0x0000000784500000,0x0000000784500000,0x0000000784c80000)
  to   space 7680K, 0% used [0x0000000783d80000,0x0000000783d80000,0x0000000784500000)
 ParOldGen       total 228352K, used 97441K [0x0000000702800000, 0x0000000710700000, 0x0000000780d80000)
  object space 228352K, 42% used [0x0000000702800000,0x0000000708728740,0x0000000710700000)
 Metaspace       used 23438K, capacity 24374K, committed 24576K, reserved 1071104K
  class space    used 3095K, capacity 3318K, committed 3328K, reserved 1048576K
}

