# JRE version: Java(TM) SE Runtime Environment (8.0_60-b27) (build 1.8.0_60-b27)
# Java VM: Java HotSpot(TM) 64-Bit Server VM (25.60-b23 mixed mode windows-amd64 compressed oops)
Heap:
 PSYoungGen      total 56832K, used 50804K [0x0000000780d80000, 0x0000000784c80000, 0x00000007c0000000)
  eden space 49152K, 88% used [0x0000000780d80000,0x00000007837cc258,0x0000000783d80000)
  from space 7680K, 97% used [0x0000000783d80000,0x00000007844d0ea0,0x0000000784500000)
  to   space 7680K, 0% used [0x0000000784500000,0x0000000784500000,0x0000000784c80000)
 ParOldGen       total 103424K, used 62316K [0x0000000702800000, 0x0000000708d00000, 0x0000000780d80000)
  object space 103424K, 60% used [0x0000000702800000,0x00000007064db210,0x0000000708d00000)
 Metaspace       used 24070K, capacity 25152K, committed 25344K, reserved 1071104K
  class space    used 3199K, capacity 3465K, committed 3584K, reserved 1048576K
GC Heap History (8 events):
Event: 10.025 GC heap before
{Heap before GC invocations=1 (full 0):
 PSYoungGen      total 56832K, used 49130K [0x0000000780d80000, 0x0000000784c80000, 0x00000007c0000000)
  eden space 49152K, 99% used [0x0000000780d80000,0x0000000783d7a918,0x0000000783d80000)
  from space 7680K, 0% used [0x0000000784500000,0x0000000784500000,0x0000000784c80000)
  to   space 7680K, 0% used [0x0000000783d80000,0x0000000783d80000,0x0000000784500000)
 ParOldGen       total 130048K, used 0K [0x0000000702800000, 0x000000070a700000, 0x0000000780d80000)
  object space 130048K, 0% used [0x0000000702800000,0x0000000702800000,0x000000070a700000)
 Metaspace       used 19273K, capacity 19902K, committed 19968K, reserved 1067008K
  class space    used 2610K, capacity 2774K, committed 2816K, reserved 1048576K
Event: 10.030 GC heap after
Heap after GC invocations=1 (full 0):
 PSYoungGen      total 56832K, used 7658K [0x0000000780d80000, 0x0000000784c80000, 0x00000007c0000000)
  eden space 49152K, 0% used [0x0000000780d80000,0x0000000780d80000,0x0000000783d80000)
  from space 7680K, 99% used [0x0000000783d80000,0x00000007844faa58,0x0000000784500000)
  to   space 7680K, 0% used [0x0000000784500000,0x0000000784500000,0x0000000784c80000)
 ParOldGen       total 130048K, used 5581K [0x0000000702800000, 0x000000070a700000, 0x0000000780d80000)
  object space 130048K, 4% used [0x0000000702800000,0x0000000702d73440,0x000000070a700000)
 Metaspace       used 19273K, capacity 19902K, committed 19968K, reserved 1067008K
  class space    used 2610K, capacity 2774K, committed 2816K, reserved 1048576K
}
Event: 13.115 GC heap before
{Heap before GC invocations=2 (full 0):
 PSYoungGen      total 56832K, used 37737K [0x0000000780d80000, 0x0000000784c80000, 0x00000007c0000000)
  eden space 49152K, 61% used [0x0000000780d80000,0x0000000782adfc78,0x0000000783d80000)
  from space 7680K, 99% used [0x0000000783d80000,0x00000007844faa58,0x0000000784500000)
  to   space 7680K, 0% used [0x0000000784500000,0x0000000784500000,0x0000000784c80000)
 ParOldGen       total 130048K, used 5581K [0x0000000702800000, 0x000000070a700000, 0x0000000780d80000)
  object space 130048K, 4% used [0x0000000702800000,0x0000000702d73440,0x000000070a700000)
 Metaspace       used 20422K, capacity 21226K, committed 21296K, reserved 1067008K
  class space    used 2731K, capacity 2930K, committed 2944K, reserved 1048576K
Event: 13.122 GC heap after
Heap after GC invocations=2 (full 0):
 PSYoungGen      total 56832K, used 7664K [0x0000000780d80000, 0x0000000784c80000, 0x00000007c0000000)
  eden space 49152K, 0% used [0x0000000780d80000,0x0000000780d80000,0x0000000783d80000)
  from space 7680K, 99% used [0x0000000784500000,0x0000000784c7c090,0x0000000784c80000)
  to   space 7680K, 0% used [0x0000000783d80000,0x0000000783d80000,0x0000000784500000)
 ParOldGen       total 130048K, used 25402K [0x0000000702800000, 0x000000070a700000, 0x0000000780d80000)
  object space 130048K, 19% used [0x0000000702800000,0x00000007040ceb80,0x000000070a700000)
 Metaspace       used 20422K, capacity 21226K, committed 21296K, reserved 1067008K
  class space    used 2731K, capacity 2930K, committed 2944K, reserved 1048576K
}
Event: 13.122 GC heap before
{Heap before GC invocations=3 (full 1):
 PSYoungGen      total 56832K, used 7664K [0x0000000780d80000, 0x0000000784c80000, 0x00000007c0000000)
  eden space 49152K, 0% used [0x0000000780d80000,0x0000000780d80000,0x0000000783d80000)
  from space 7680K, 99% used [0x0000000784500000,0x0000000784c7c090,0x0000000784c80000)
  to   space 7680K, 0% used [0x0000000783d80000,0x0000000783d80000,0x0000000784500000)
 ParOldGen       total 130048K, used 25402K [0x0000000702800000, 0x000000070a700000, 0x0000000780d80000)
  object space 130048K, 19% used [0x0000000702800000,0x00000007040ceb80,0x000000070a700000)
 Metaspace       used 20422K, capacity 21226K, committed 21296K, reserved 1067008K
  class space    used 2731K, capacity 2930K, committed 2944K, reserved 1048576K
Event: 13.169 GC heap after
Heap after GC invocations=3 (full 1):
 PSYoungGen      total 56832K, used 0K [0x0000000780d80000, 0x0000000784c80000, 0x00000007c0000000)
  eden space 49152K, 0% used [0x0000000780d80000,0x0000000780d80000,0x0000000783d80000)
  from space 7680K, 0% used [0x0000000784500000,0x0000000784500000,0x0000000784c80000)
  to   space 7680K, 0% used [0x0000000783d80000,0x0000000783d80000,0x0000000784500000)
 ParOldGen       total 103424K, used 30677K [0x0000000702800000, 0x0000000708d00000, 0x0000000780d80000)
  object space 103424K, 29% used [0x0000000702800000,0x00000007045f56f8,0x0000000708d00000)
 Metaspace       used 20422K, capacity 21226K, committed 21296K, reserved 1067008K
  class space    used 2731K, capacity 2930K, committed 2944K, reserved 1048576K
}
Event: 13.616 GC heap before
{Heap before GC invocations=4 (full 1):
 PSYoungGen      total 56832K, used 48828K [0x0000000780d80000, 0x0000000784c80000, 0x00000007c0000000)
  eden space 49152K, 99% used [0x0000000780d80000,0x0000000783d2f010,0x0000000783d80000)
  from space 7680K, 0% used [0x0000000784500000,0x0000000784500000,0x0000000784c80000)
  to   space 7680K, 0% used [0x0000000783d80000,0x0000000783d80000,0x0000000784500000)
 ParOldGen       total 103424K, used 30677K [0x0000000702800000, 0x0000000708d00000, 0x0000000780d80000)
  object space 103424K, 29% used [0x0000000702800000,0x00000007045f56f8,0x0000000708d00000)
 Metaspace       used 22503K, capacity 23270K, committed 23424K, reserved 1069056K
  class space    used 2946K, capacity 3160K, committed 3200K, reserved 1048576K
Event: 13.622 GC heap after
Heap after GC invocations=4 (full 1):
 PSYoungGen      total 56832K, used 7491K [0x0000000780d80000, 0x0000000784c80000, 0x00000007c0000000)
  eden space 49152K, 0% used [0x0000000780d80000,0x0000000780d80000,0x0000000783d80000)
  from space 7680K, 97% used [0x0000000783d80000,0x00000007844d0ea0,0x0000000784500000)
  to   space 7680K, 0% used [0x0000000784500000,0x0000000784500000,0x0000000784c80000)
 ParOldGen       total 103424K, used 62316K [0x0000000702800000, 0x0000000708d00000, 0x0000000780d80000)
  object space 103424K, 60% used [0x0000000702800000,0x00000007064db210,0x0000000708d00000)
 Metaspace       used 22503K, capacity 23270K, committed 23424K, reserved 1069056K
  class space    used 2946K, capacity 3160K, committed 3200K, reserved 1048576K
}

