# JRE version: Java(TM) SE Runtime Environment (8.0_60-b27) (build 1.8.0_60-b27)
# Java VM: Java HotSpot(TM) 64-Bit Server VM (25.60-b23 mixed mode windows-amd64 compressed oops)
Heap:
 PSYoungGen      total 81920K, used 26125K [0x0000000780d80000, 0x0000000787c80000, 0x00000007c0000000)
  eden space 74240K, 35% used [0x0000000780d80000,0x0000000782703748,0x0000000785600000)
  from space 7680K, 0% used [0x0000000786d80000,0x0000000786d80000,0x0000000787500000)
  to   space 7680K, 0% used [0x0000000787500000,0x0000000787500000,0x0000000787c80000)
 ParOldGen       total 230400K, used 93639K [0x0000000702800000, 0x0000000710900000, 0x0000000780d80000)
  object space 230400K, 40% used [0x0000000702800000,0x0000000708371c48,0x0000000710900000)
 Metaspace       used 22863K, capacity 23760K, committed 24064K, reserved 1071104K
  class space    used 3030K, capacity 3235K, committed 3328K, reserved 1048576K
GC Heap History (10 events):
Event: 4.624 GC heap before
{Heap before GC invocations=3 (full 0):
 PSYoungGen      total 56832K, used 56826K [0x0000000780d80000, 0x0000000787c80000, 0x00000007c0000000)
  eden space 49152K, 100% used [0x0000000780d80000,0x0000000783d80000,0x0000000783d80000)
  from space 7680K, 99% used [0x0000000784500000,0x0000000784c7ea40,0x0000000784c80000)
  to   space 7680K, 0% used [0x0000000783d80000,0x0000000783d80000,0x0000000784500000)
 ParOldGen       total 130048K, used 52845K [0x0000000702800000, 0x000000070a700000, 0x0000000780d80000)
  object space 130048K, 40% used [0x0000000702800000,0x0000000705b9b618,0x000000070a700000)
 Metaspace       used 17101K, capacity 17594K, committed 17920K, reserved 1064960K
  class space    used 2056K, capacity 2208K, committed 2304K, reserved 1048576K
Event: 4.642 GC heap after
Heap after GC invocations=3 (full 0):
 PSYoungGen      total 56832K, used 7678K [0x0000000780d80000, 0x0000000787c80000, 0x00000007c0000000)
  eden space 49152K, 0% used [0x0000000780d80000,0x0000000780d80000,0x0000000783d80000)
  from space 7680K, 99% used [0x0000000783d80000,0x00000007844ffab0,0x0000000784500000)
  to   space 7680K, 0% used [0x0000000787500000,0x0000000787500000,0x0000000787c80000)
 ParOldGen       total 130048K, used 93637K [0x0000000702800000, 0x000000070a700000, 0x0000000780d80000)
  object space 130048K, 72% used [0x0000000702800000,0x00000007083714e8,0x000000070a700000)
 Metaspace       used 17101K, capacity 17594K, committed 17920K, reserved 1064960K
  class space    used 2056K, capacity 2208K, committed 2304K, reserved 1048576K
}
Event: 4.642 GC heap before
{Heap before GC invocations=4 (full 1):
 PSYoungGen      total 56832K, used 7678K [0x0000000780d80000, 0x0000000787c80000, 0x00000007c0000000)
  eden space 49152K, 0% used [0x0000000780d80000,0x0000000780d80000,0x0000000783d80000)
  from space 7680K, 99% used [0x0000000783d80000,0x00000007844ffab0,0x0000000784500000)
  to   space 7680K, 0% used [0x0000000787500000,0x0000000787500000,0x0000000787c80000)
 ParOldGen       total 130048K, used 93637K [0x0000000702800000, 0x000000070a700000, 0x0000000780d80000)
  object space 130048K, 72% used [0x0000000702800000,0x00000007083714e8,0x000000070a700000)
 Metaspace       used 17101K, capacity 17594K, committed 17920K, reserved 1064960K
  class space    used 2056K, capacity 2208K, committed 2304K, reserved 1048576K
Event: 4.721 GC heap after
Heap after GC invocations=4 (full 1):
 PSYoungGen      total 56832K, used 0K [0x0000000780d80000, 0x0000000787c80000, 0x00000007c0000000)
  eden space 49152K, 0% used [0x0000000780d80000,0x0000000780d80000,0x0000000783d80000)
  from space 7680K, 0% used [0x0000000783d80000,0x0000000783d80000,0x0000000784500000)
  to   space 7680K, 0% used [0x0000000787500000,0x0000000787500000,0x0000000787c80000)
 ParOldGen       total 230400K, used 100332K [0x0000000702800000, 0x0000000710900000, 0x0000000780d80000)
  object space 230400K, 43% used [0x0000000702800000,0x00000007089fb3d0,0x0000000710900000)
 Metaspace       used 17101K, capacity 17594K, committed 17920K, reserved 1064960K
  class space    used 2056K, capacity 2208K, committed 2304K, reserved 1048576K
}
Event: 10.217 GC heap before
{Heap before GC invocations=5 (full 1):
 PSYoungGen      total 56832K, used 48484K [0x0000000780d80000, 0x0000000787c80000, 0x00000007c0000000)
  eden space 49152K, 98% used [0x0000000780d80000,0x0000000783cd93d0,0x0000000783d80000)
  from space 7680K, 0% used [0x0000000783d80000,0x0000000783d80000,0x0000000784500000)
  to   space 7680K, 0% used [0x0000000787500000,0x0000000787500000,0x0000000787c80000)
 ParOldGen       total 230400K, used 100332K [0x0000000702800000, 0x0000000710900000, 0x0000000780d80000)
  object space 230400K, 43% used [0x0000000702800000,0x00000007089fb3d0,0x0000000710900000)
 Metaspace       used 22536K, capacity 23442K, committed 23552K, reserved 1069056K
  class space    used 3025K, capacity 3226K, committed 3328K, reserved 1048576K
Event: 10.226 GC heap after
Heap after GC invocations=5 (full 1):
 PSYoungGen      total 81920K, used 7674K [0x0000000780d80000, 0x0000000787c80000, 0x00000007c0000000)
  eden space 74240K, 0% used [0x0000000780d80000,0x0000000780d80000,0x0000000785600000)
  from space 7680K, 99% used [0x0000000787500000,0x0000000787c7e8c8,0x0000000787c80000)
  to   space 7680K, 0% used [0x0000000786d80000,0x0000000786d80000,0x0000000787500000)
 ParOldGen       total 230400K, used 112255K [0x0000000702800000, 0x0000000710900000, 0x0000000780d80000)
  object space 230400K, 48% used [0x0000000702800000,0x000000070959ff58,0x0000000710900000)
 Metaspace       used 22536K, capacity 23442K, committed 23552K, reserved 1069056K
  class space    used 3025K, capacity 3226K, committed 3328K, reserved 1048576K
}
Event: 11.105 GC heap before
{Heap before GC invocations=6 (full 1):
 PSYoungGen      total 81920K, used 81667K [0x0000000780d80000, 0x0000000787c80000, 0x00000007c0000000)
  eden space 74240K, 99% used [0x0000000780d80000,0x00000007855c26b8,0x0000000785600000)
  from space 7680K, 99% used [0x0000000787500000,0x0000000787c7e8c8,0x0000000787c80000)
  to   space 7680K, 0% used [0x0000000786d80000,0x0000000786d80000,0x0000000787500000)
 ParOldGen       total 230400K, used 112255K [0x0000000702800000, 0x0000000710900000, 0x0000000780d80000)
  object space 230400K, 48% used [0x0000000702800000,0x000000070959ff58,0x0000000710900000)
 Metaspace       used 22698K, capacity 23628K, committed 23808K, reserved 1069056K
  class space    used 3030K, capacity 3235K, committed 3328K, reserved 1048576K
Event: 11.126 GC heap after
Heap after GC invocations=6 (full 1):
 PSYoungGen      total 81920K, used 7677K [0x0000000780d80000, 0x0000000787c80000, 0x00000007c0000000)
  eden space 74240K, 0% used [0x0000000780d80000,0x0000000780d80000,0x0000000785600000)
  from space 7680K, 99% used [0x0000000786d80000,0x00000007874ff548,0x0000000787500000)
  to   space 7680K, 0% used [0x0000000787500000,0x0000000787500000,0x0000000787c80000)
 ParOldGen       total 230400K, used 182756K [0x0000000702800000, 0x0000000710900000, 0x0000000780d80000)
  object space 230400K, 79% used [0x0000000702800000,0x000000070da79358,0x0000000710900000)
 Metaspace       used 22698K, capacity 23628K, committed 23808K, reserved 1069056K
  class space    used 3030K, capacity 3235K, committed 3328K, reserved 1048576K
}
Event: 11.126 GC heap before
{Heap before GC invocations=7 (full 2):
 PSYoungGen      total 81920K, used 7677K [0x0000000780d80000, 0x0000000787c80000, 0x00000007c0000000)
  eden space 74240K, 0% used [0x0000000780d80000,0x0000000780d80000,0x0000000785600000)
  from space 7680K, 99% used [0x0000000786d80000,0x00000007874ff548,0x0000000787500000)
  to   space 7680K, 0% used [0x0000000787500000,0x0000000787500000,0x0000000787c80000)
 ParOldGen       total 230400K, used 182756K [0x0000000702800000, 0x0000000710900000, 0x0000000780d80000)
  object space 230400K, 79% used [0x0000000702800000,0x000000070da79358,0x0000000710900000)
 Metaspace       used 22698K, capacity 23628K, committed 23808K, reserved 1069056K
  class space    used 3030K, capacity 3235K, committed 3328K, reserved 1048576K
Event: 11.180 GC heap after
Heap after GC invocations=7 (full 2):
 PSYoungGen      total 81920K, used 0K [0x0000000780d80000, 0x0000000787c80000, 0x00000007c0000000)
  eden space 74240K, 0% used [0x0000000780d80000,0x0000000780d80000,0x0000000785600000)
  from space 7680K, 0% used [0x0000000786d80000,0x0000000786d80000,0x0000000787500000)
  to   space 7680K, 0% used [0x0000000787500000,0x0000000787500000,0x0000000787c80000)
 ParOldGen       total 230400K, used 93639K [0x0000000702800000, 0x0000000710900000, 0x0000000780d80000)
  object space 230400K, 40% used [0x0000000702800000,0x0000000708371c48,0x0000000710900000)
 Metaspace       used 22698K, capacity 23628K, committed 23808K, reserved 1069056K
  class space    used 3030K, capacity 3235K, committed 3328K, reserved 1048576K
}

