# JRE version: Java(TM) SE Runtime Environment (8.0_60-b27) (build 1.8.0_60-b27)
# Java VM: Java HotSpot(TM) 64-Bit Server VM (25.60-b23 mixed mode windows-amd64 compressed oops)
Heap:
 PSYoungGen      total 56832K, used 49151K [0x0000000780d80000, 0x0000000784c80000, 0x00000007c0000000)
  eden space 49152K, 99% used [0x0000000780d80000,0x0000000783d7fff8,0x0000000783d80000)
  from space 7680K, 0% used [0x0000000784500000,0x0000000784500000,0x0000000784c80000)
  to   space 7680K, 0% used [0x0000000783d80000,0x0000000783d80000,0x0000000784500000)
 ParOldGen       total 137728K, used 137289K [0x0000000702800000, 0x000000070ae80000, 0x0000000780d80000)
  object space 137728K, 99% used [0x0000000702800000,0x000000070ae124d8,0x000000070ae80000)
 Metaspace       used 24455K, capacity 25552K, committed 25856K, reserved 1071104K
  class space    used 3223K, capacity 3471K, committed 3584K, reserved 1048576K
GC Heap History (10 events):
Event: 58.467 GC heap after
Heap after GC invocations=2091 (full 2087):
 PSYoungGen      total 56832K, used 49151K [0x0000000780d80000, 0x0000000784c80000, 0x00000007c0000000)
  eden space 49152K, 99% used [0x0000000780d80000,0x0000000783d7fff8,0x0000000783d80000)
  from space 7680K, 0% used [0x0000000784500000,0x0000000784500000,0x0000000784c80000)
  to   space 7680K, 0% used [0x0000000783d80000,0x0000000783d80000,0x0000000784500000)
 ParOldGen       total 137728K, used 137286K [0x0000000702800000, 0x000000070ae80000, 0x0000000780d80000)
  object space 137728K, 99% used [0x0000000702800000,0x000000070ae118b8,0x000000070ae80000)
 Metaspace       used 24455K, capacity 25552K, committed 25856K, reserved 1071104K
  class space    used 3223K, capacity 3471K, committed 3584K, reserved 1048576K
}
Event: 58.467 GC heap before
{Heap before GC invocations=2092 (full 2088):
 PSYoungGen      total 56832K, used 49151K [0x0000000780d80000, 0x0000000784c80000, 0x00000007c0000000)
  eden space 49152K, 99% used [0x0000000780d80000,0x0000000783d7fff8,0x0000000783d80000)
  from space 7680K, 0% used [0x0000000784500000,0x0000000784500000,0x0000000784c80000)
  to   space 7680K, 0% used [0x0000000783d80000,0x0000000783d80000,0x0000000784500000)
 ParOldGen       total 137728K, used 137288K [0x0000000702800000, 0x000000070ae80000, 0x0000000780d80000)
  object space 137728K, 99% used [0x0000000702800000,0x000000070ae12140,0x000000070ae80000)
 Metaspace       used 24455K, capacity 25552K, committed 25856K, reserved 1071104K
  class space    used 3223K, capacity 3471K, committed 3584K, reserved 1048576K
Event: 58.485 GC heap after
Heap after GC invocations=2092 (full 2088):
 PSYoungGen      total 56832K, used 49151K [0x0000000780d80000, 0x0000000784c80000, 0x00000007c0000000)
  eden space 49152K, 99% used [0x0000000780d80000,0x0000000783d7fff8,0x0000000783d80000)
  from space 7680K, 0% used [0x0000000784500000,0x0000000784500000,0x0000000784c80000)
  to   space 7680K, 0% used [0x0000000783d80000,0x0000000783d80000,0x0000000784500000)
 ParOldGen       total 137728K, used 137286K [0x0000000702800000, 0x000000070ae80000, 0x0000000780d80000)
  object space 137728K, 99% used [0x0000000702800000,0x000000070ae11928,0x000000070ae80000)
 Metaspace       used 24455K, capacity 25552K, committed 25856K, reserved 1071104K
  class space    used 3223K, capacity 3471K, committed 3584K, reserved 1048576K
}
Event: 58.485 GC heap before
{Heap before GC invocations=2093 (full 2089):
 PSYoungGen      total 56832K, used 49151K [0x0000000780d80000, 0x0000000784c80000, 0x00000007c0000000)
  eden space 49152K, 99% used [0x0000000780d80000,0x0000000783d7fff8,0x0000000783d80000)
  from space 7680K, 0% used [0x0000000784500000,0x0000000784500000,0x0000000784c80000)
  to   space 7680K, 0% used [0x0000000783d80000,0x0000000783d80000,0x0000000784500000)
 ParOldGen       total 137728K, used 137288K [0x0000000702800000, 0x000000070ae80000, 0x0000000780d80000)
  object space 137728K, 99% used [0x0000000702800000,0x000000070ae121c0,0x000000070ae80000)
 Metaspace       used 24455K, capacity 25552K, committed 25856K, reserved 1071104K
  class space    used 3223K, capacity 3471K, committed 3584K, reserved 1048576K
Event: 58.504 GC heap after
Heap after GC invocations=2093 (full 2089):
 PSYoungGen      total 56832K, used 49151K [0x0000000780d80000, 0x0000000784c80000, 0x00000007c0000000)
  eden space 49152K, 99% used [0x0000000780d80000,0x0000000783d7fff8,0x0000000783d80000)
  from space 7680K, 0% used [0x0000000784500000,0x0000000784500000,0x0000000784c80000)
  to   space 7680K, 0% used [0x0000000783d80000,0x0000000783d80000,0x0000000784500000)
 ParOldGen       total 137728K, used 137284K [0x0000000702800000, 0x000000070ae80000, 0x0000000780d80000)
  object space 137728K, 99% used [0x0000000702800000,0x000000070ae11388,0x000000070ae80000)
 Metaspace       used 24455K, capacity 25552K, committed 25856K, reserved 1071104K
  class space    used 3223K, capacity 3471K, committed 3584K, reserved 1048576K
}
Event: 58.504 GC heap before
{Heap before GC invocations=2094 (full 2090):
 PSYoungGen      total 56832K, used 49151K [0x0000000780d80000, 0x0000000784c80000, 0x00000007c0000000)
  eden space 49152K, 99% used [0x0000000780d80000,0x0000000783d7fff8,0x0000000783d80000)
  from space 7680K, 0% used [0x0000000784500000,0x0000000784500000,0x0000000784c80000)
  to   space 7680K, 0% used [0x0000000783d80000,0x0000000783d80000,0x0000000784500000)
 ParOldGen       total 137728K, used 137287K [0x0000000702800000, 0x000000070ae80000, 0x0000000780d80000)
  object space 137728K, 99% used [0x0000000702800000,0x000000070ae11c40,0x000000070ae80000)
 Metaspace       used 24455K, capacity 25552K, committed 25856K, reserved 1071104K
  class space    used 3223K, capacity 3471K, committed 3584K, reserved 1048576K
Event: 58.526 GC heap after
Heap after GC invocations=2094 (full 2090):
 PSYoungGen      total 56832K, used 49151K [0x0000000780d80000, 0x0000000784c80000, 0x00000007c0000000)
  eden space 49152K, 99% used [0x0000000780d80000,0x0000000783d7fff8,0x0000000783d80000)
  from space 7680K, 0% used [0x0000000784500000,0x0000000784500000,0x0000000784c80000)
  to   space 7680K, 0% used [0x0000000783d80000,0x0000000783d80000,0x0000000784500000)
 ParOldGen       total 137728K, used 137285K [0x0000000702800000, 0x000000070ae80000, 0x0000000780d80000)
  object space 137728K, 99% used [0x0000000702800000,0x000000070ae11688,0x000000070ae80000)
 Metaspace       used 24455K, capacity 25552K, committed 25856K, reserved 1071104K
  class space    used 3223K, capacity 3471K, committed 3584K, reserved 1048576K
}
Event: 58.527 GC heap before
{Heap before GC invocations=2095 (full 2091):
 PSYoungGen      total 56832K, used 49151K [0x0000000780d80000, 0x0000000784c80000, 0x00000007c0000000)
  eden space 49152K, 99% used [0x0000000780d80000,0x0000000783d7fff8,0x0000000783d80000)
  from space 7680K, 0% used [0x0000000784500000,0x0000000784500000,0x0000000784c80000)
  to   space 7680K, 0% used [0x0000000783d80000,0x0000000783d80000,0x0000000784500000)
 ParOldGen       total 137728K, used 137287K [0x0000000702800000, 0x000000070ae80000, 0x0000000780d80000)
  object space 137728K, 99% used [0x0000000702800000,0x000000070ae11e88,0x000000070ae80000)
 Metaspace       used 24455K, capacity 25552K, committed 25856K, reserved 1071104K
  class space    used 3223K, capacity 3471K, committed 3584K, reserved 1048576K
Event: 58.550 GC heap after
Heap after GC invocations=2095 (full 2091):
 PSYoungGen      total 56832K, used 49151K [0x0000000780d80000, 0x0000000784c80000, 0x00000007c0000000)
  eden space 49152K, 99% used [0x0000000780d80000,0x0000000783d7fff8,0x0000000783d80000)
  from space 7680K, 0% used [0x0000000784500000,0x0000000784500000,0x0000000784c80000)
  to   space 7680K, 0% used [0x0000000783d80000,0x0000000783d80000,0x0000000784500000)
 ParOldGen       total 137728K, used 137287K [0x0000000702800000, 0x000000070ae80000, 0x0000000780d80000)
  object space 137728K, 99% used [0x0000000702800000,0x000000070ae11c28,0x000000070ae80000)
 Metaspace       used 24455K, capacity 25552K, committed 25856K, reserved 1071104K
  class space    used 3223K, capacity 3471K, committed 3584K, reserved 1048576K
}
Event: 58.551 GC heap before
{Heap before GC invocations=2096 (full 2092):
 PSYoungGen      total 56832K, used 49151K [0x0000000780d80000, 0x0000000784c80000, 0x00000007c0000000)
  eden space 49152K, 99% used [0x0000000780d80000,0x0000000783d7fff8,0x0000000783d80000)
  from space 7680K, 0% used [0x0000000784500000,0x0000000784500000,0x0000000784c80000)
  to   space 7680K, 0% used [0x0000000783d80000,0x0000000783d80000,0x0000000784500000)
 ParOldGen       total 137728K, used 137289K [0x0000000702800000, 0x000000070ae80000, 0x0000000780d80000)
  object space 137728K, 99% used [0x0000000702800000,0x000000070ae124d8,0x000000070ae80000)
 Metaspace       used 24455K, capacity 25552K, committed 25856K, reserved 1071104K
  class space    used 3223K, capacity 3471K, committed 3584K, reserved 1048576K

