# JRE version: Java(TM) SE Runtime Environment (8.0_60-b27) (build 1.8.0_60-b27)
# Java VM: Java HotSpot(TM) 64-Bit Server VM (25.60-b23 mixed mode windows-amd64 compressed oops)
Heap:
 PSYoungGen      total 56832K, used 25911K [0x0000000780d80000, 0x0000000784c80000, 0x00000007c0000000)
  eden space 49152K, 38% used [0x0000000780d80000,0x0000000781ff4f80,0x0000000783d80000)
  from space 7680K, 91% used [0x0000000784500000,0x0000000784bd8d08,0x0000000784c80000)
  to   space 7680K, 0% used [0x0000000783d80000,0x0000000783d80000,0x0000000784500000)
 ParOldGen       total 193024K, used 92886K [0x0000000702800000, 0x000000070e480000, 0x0000000780d80000)
  object space 193024K, 48% used [0x0000000702800000,0x00000007082b59c0,0x000000070e480000)
 Metaspace       used 23853K, capacity 24800K, committed 24960K, reserved 1071104K
  class space    used 3134K, capacity 3363K, committed 3456K, reserved 1048576K
GC Heap History (10 events):
Event: 14.507 GC heap before
{Heap before GC invocations=2 (full 0):
 PSYoungGen      total 56832K, used 38817K [0x0000000780d80000, 0x0000000784c80000, 0x00000007c0000000)
  eden space 49152K, 63% used [0x0000000780d80000,0x0000000782be9968,0x0000000783d80000)
  from space 7680K, 99% used [0x0000000783d80000,0x00000007844fec98,0x0000000784500000)
  to   space 7680K, 0% used [0x0000000784500000,0x0000000784500000,0x0000000784c80000)
 ParOldGen       total 130048K, used 3881K [0x0000000702800000, 0x000000070a700000, 0x0000000780d80000)
  object space 130048K, 2% used [0x0000000702800000,0x0000000702bca738,0x000000070a700000)
 Metaspace       used 20553K, capacity 21268K, committed 21296K, reserved 1067008K
  class space    used 2729K, capacity 2929K, committed 2944K, reserved 1048576K
Event: 14.513 GC heap after
Heap after GC invocations=2 (full 0):
 PSYoungGen      total 56832K, used 7649K [0x0000000780d80000, 0x0000000784c80000, 0x00000007c0000000)
  eden space 49152K, 0% used [0x0000000780d80000,0x0000000780d80000,0x0000000783d80000)
  from space 7680K, 99% used [0x0000000784500000,0x0000000784c78540,0x0000000784c80000)
  to   space 7680K, 0% used [0x0000000783d80000,0x0000000783d80000,0x0000000784500000)
 ParOldGen       total 130048K, used 18338K [0x0000000702800000, 0x000000070a700000, 0x0000000780d80000)
  object space 130048K, 14% used [0x0000000702800000,0x00000007039e88c0,0x000000070a700000)
 Metaspace       used 20553K, capacity 21268K, committed 21296K, reserved 1067008K
  class space    used 2729K, capacity 2929K, committed 2944K, reserved 1048576K
}
Event: 14.513 GC heap before
{Heap before GC invocations=3 (full 1):
 PSYoungGen      total 56832K, used 7649K [0x0000000780d80000, 0x0000000784c80000, 0x00000007c0000000)
  eden space 49152K, 0% used [0x0000000780d80000,0x0000000780d80000,0x0000000783d80000)
  from space 7680K, 99% used [0x0000000784500000,0x0000000784c78540,0x0000000784c80000)
  to   space 7680K, 0% used [0x0000000783d80000,0x0000000783d80000,0x0000000784500000)
 ParOldGen       total 130048K, used 18338K [0x0000000702800000, 0x000000070a700000, 0x0000000780d80000)
  object space 130048K, 14% used [0x0000000702800000,0x00000007039e88c0,0x000000070a700000)
 Metaspace       used 20553K, capacity 21268K, committed 21296K, reserved 1067008K
  class space    used 2729K, capacity 2929K, committed 2944K, reserved 1048576K
Event: 14.544 GC heap after
Heap after GC invocations=3 (full 1):
 PSYoungGen      total 56832K, used 0K [0x0000000780d80000, 0x0000000784c80000, 0x00000007c0000000)
  eden space 49152K, 0% used [0x0000000780d80000,0x0000000780d80000,0x0000000783d80000)
  from space 7680K, 0% used [0x0000000784500000,0x0000000784500000,0x0000000784c80000)
  to   space 7680K, 0% used [0x0000000783d80000,0x0000000783d80000,0x0000000784500000)
 ParOldGen       total 86016K, used 19282K [0x0000000702800000, 0x0000000707c00000, 0x0000000780d80000)
  object space 86016K, 22% used [0x0000000702800000,0x0000000703ad4af8,0x0000000707c00000)
 Metaspace       used 20553K, capacity 21268K, committed 21296K, reserved 1067008K
  class space    used 2729K, capacity 2929K, committed 2944K, reserved 1048576K
}
Event: 14.916 GC heap before
{Heap before GC invocations=4 (full 1):
 PSYoungGen      total 56832K, used 48630K [0x0000000780d80000, 0x0000000784c80000, 0x00000007c0000000)
  eden space 49152K, 98% used [0x0000000780d80000,0x0000000783cfd8c8,0x0000000783d80000)
  from space 7680K, 0% used [0x0000000784500000,0x0000000784500000,0x0000000784c80000)
  to   space 7680K, 0% used [0x0000000783d80000,0x0000000783d80000,0x0000000784500000)
 ParOldGen       total 86016K, used 19282K [0x0000000702800000, 0x0000000707c00000, 0x0000000780d80000)
  object space 86016K, 22% used [0x0000000702800000,0x0000000703ad4af8,0x0000000707c00000)
 Metaspace       used 23033K, capacity 23804K, committed 24064K, reserved 1071104K
  class space    used 3030K, capacity 3231K, committed 3328K, reserved 1048576K
Event: 14.924 GC heap after
Heap after GC invocations=4 (full 1):
 PSYoungGen      total 56832K, used 7238K [0x0000000780d80000, 0x0000000784c80000, 0x00000007c0000000)
  eden space 49152K, 0% used [0x0000000780d80000,0x0000000780d80000,0x0000000783d80000)
  from space 7680K, 94% used [0x0000000783d80000,0x0000000784491ba0,0x0000000784500000)
  to   space 7680K, 0% used [0x0000000784500000,0x0000000784500000,0x0000000784c80000)
 ParOldGen       total 86016K, used 53083K [0x0000000702800000, 0x0000000707c00000, 0x0000000780d80000)
  object space 86016K, 61% used [0x0000000702800000,0x0000000705bd6c08,0x0000000707c00000)
 Metaspace       used 23033K, capacity 23804K, committed 24064K, reserved 1071104K
  class space    used 3030K, capacity 3231K, committed 3328K, reserved 1048576K
}
Event: 14.924 GC heap before
{Heap before GC invocations=5 (full 2):
 PSYoungGen      total 56832K, used 7238K [0x0000000780d80000, 0x0000000784c80000, 0x00000007c0000000)
  eden space 49152K, 0% used [0x0000000780d80000,0x0000000780d80000,0x0000000783d80000)
  from space 7680K, 94% used [0x0000000783d80000,0x0000000784491ba0,0x0000000784500000)
  to   space 7680K, 0% used [0x0000000784500000,0x0000000784500000,0x0000000784c80000)
 ParOldGen       total 86016K, used 53083K [0x0000000702800000, 0x0000000707c00000, 0x0000000780d80000)
  object space 86016K, 61% used [0x0000000702800000,0x0000000705bd6c08,0x0000000707c00000)
 Metaspace       used 23033K, capacity 23804K, committed 24064K, reserved 1071104K
  class space    used 3030K, capacity 3231K, committed 3328K, reserved 1048576K
Event: 14.975 GC heap after
Heap after GC invocations=5 (full 2):
 PSYoungGen      total 56832K, used 0K [0x0000000780d80000, 0x0000000784c80000, 0x00000007c0000000)
  eden space 49152K, 0% used [0x0000000780d80000,0x0000000780d80000,0x0000000783d80000)
  from space 7680K, 0% used [0x0000000783d80000,0x0000000783d80000,0x0000000784500000)
  to   space 7680K, 0% used [0x0000000784500000,0x0000000784500000,0x0000000784c80000)
 ParOldGen       total 193024K, used 59973K [0x0000000702800000, 0x000000070e480000, 0x0000000780d80000)
  object space 193024K, 31% used [0x0000000702800000,0x0000000706291638,0x000000070e480000)
 Metaspace       used 23033K, capacity 23804K, committed 24064K, reserved 1071104K
  class space    used 3030K, capacity 3231K, committed 3328K, reserved 1048576K
}
Event: 17.756 GC heap before
{Heap before GC invocations=6 (full 2):
 PSYoungGen      total 56832K, used 48646K [0x0000000780d80000, 0x0000000784c80000, 0x00000007c0000000)
  eden space 49152K, 98% used [0x0000000780d80000,0x0000000783d019e0,0x0000000783d80000)
  from space 7680K, 0% used [0x0000000783d80000,0x0000000783d80000,0x0000000784500000)
  to   space 7680K, 0% used [0x0000000784500000,0x0000000784500000,0x0000000784c80000)
 ParOldGen       total 193024K, used 59973K [0x0000000702800000, 0x000000070e480000, 0x0000000780d80000)
  object space 193024K, 31% used [0x0000000702800000,0x0000000706291638,0x000000070e480000)
 Metaspace       used 23769K, capacity 24718K, committed 24960K, reserved 1071104K
  class space    used 3129K, capacity 3360K, committed 3456K, reserved 1048576K
Event: 17.767 GC heap after
Heap after GC invocations=6 (full 2):
 PSYoungGen      total 56832K, used 7011K [0x0000000780d80000, 0x0000000784c80000, 0x00000007c0000000)
  eden space 49152K, 0% used [0x0000000780d80000,0x0000000780d80000,0x0000000783d80000)
  from space 7680K, 91% used [0x0000000784500000,0x0000000784bd8d08,0x0000000784c80000)
  to   space 7680K, 0% used [0x0000000783d80000,0x0000000783d80000,0x0000000784500000)
 ParOldGen       total 193024K, used 92886K [0x0000000702800000, 0x000000070e480000, 0x0000000780d80000)
  object space 193024K, 48% used [0x0000000702800000,0x00000007082b59c0,0x000000070e480000)
 Metaspace       used 23769K, capacity 24718K, committed 24960K, reserved 1071104K
  class space    used 3129K, capacity 3360K, committed 3456K, reserved 1048576K
}

