# JRE version: Java(TM) SE Runtime Environment (8.0_60-b27) (build 1.8.0_60-b27)
# Java VM: Java HotSpot(TM) 64-Bit Server VM (25.60-b23 mixed mode windows-amd64 compressed oops)
Heap:
 PSYoungGen      total 579584K, used 285494K [0x0000000780d80000, 0x00000007b9680000, 0x00000007c0000000)
  eden space 237568K, 47% used [0x0000000780d80000,0x0000000787c689c8,0x000000078f580000)
  from space 342016K, 50% used [0x00000007a4880000,0x00000007af064ea8,0x00000007b9680000)
  to   space 344576K, 0% used [0x000000078f580000,0x000000078f580000,0x00000007a4600000)
 ParOldGen       total 1306624K, used 1306415K [0x0000000702800000, 0x0000000752400000, 0x0000000780d80000)
  object space 1306624K, 99% used [0x0000000702800000,0x00000007523cbcc8,0x0000000752400000)
 Metaspace       used 21864K, capacity 22760K, committed 23040K, reserved 1069056K
  class space    used 2776K, capacity 3027K, committed 3072K, reserved 1048576K
GC Heap History (10 events):
Event: 33.742 GC heap before
{Heap before GC invocations=22 (full 7):
 PSYoungGen      total 537600K, used 466285K [0x0000000780d80000, 0x00000007b9900000, 0x00000007c0000000)
  eden space 193024K, 99% used [0x0000000780d80000,0x000000078c8b2308,0x000000078ca00000)
  from space 344576K, 79% used [0x000000078ca00000,0x000000079d629460,0x00000007a1a80000)
  to   space 344576K, 51% used [0x00000007a4880000,0x00000007af5a8fc0,0x00000007b9900000)
 ParOldGen       total 1331200K, used 1330711K [0x0000000702800000, 0x0000000753c00000, 0x0000000780d80000)
  object space 1331200K, 99% used [0x0000000702800000,0x0000000753b85f80,0x0000000753c00000)
 Metaspace       used 21798K, capacity 22696K, committed 22784K, reserved 1069056K
  class space    used 2776K, capacity 3027K, committed 3072K, reserved 1048576K
Event: 33.844 GC heap after
Heap after GC invocations=22 (full 7):
 PSYoungGen      total 537600K, used 0K [0x0000000780d80000, 0x00000007b9900000, 0x00000007c0000000)
  eden space 193024K, 0% used [0x0000000780d80000,0x0000000780d80000,0x000000078ca00000)
  from space 344576K, 0% used [0x000000078ca00000,0x000000078ca00000,0x00000007a1a80000)
  to   space 344576K, 0% used [0x00000007a4880000,0x00000007a4880000,0x00000007b9900000)
 ParOldGen       total 1306624K, used 849668K [0x0000000702800000, 0x0000000752400000, 0x0000000780d80000)
  object space 1306624K, 65% used [0x0000000702800000,0x00000007365c1260,0x0000000752400000)
 Metaspace       used 21798K, capacity 22696K, committed 22784K, reserved 1069056K
  class space    used 2776K, capacity 3027K, committed 3072K, reserved 1048576K
}
Event: 35.021 GC heap before
{Heap before GC invocations=23 (full 7):
 PSYoungGen      total 537600K, used 192265K [0x0000000780d80000, 0x00000007b9900000, 0x00000007c0000000)
  eden space 193024K, 99% used [0x0000000780d80000,0x000000078c942608,0x000000078ca00000)
  from space 344576K, 0% used [0x000000078ca00000,0x000000078ca00000,0x00000007a1a80000)
  to   space 344576K, 0% used [0x00000007a4880000,0x00000007a4880000,0x00000007b9900000)
 ParOldGen       total 1306624K, used 849668K [0x0000000702800000, 0x0000000752400000, 0x0000000780d80000)
  object space 1306624K, 65% used [0x0000000702800000,0x00000007365c1260,0x0000000752400000)
 Metaspace       used 21799K, capacity 22696K, committed 22784K, reserved 1069056K
  class space    used 2776K, capacity 3027K, committed 3072K, reserved 1048576K
Event: 35.039 GC heap after
Heap after GC invocations=23 (full 7):
 PSYoungGen      total 579584K, used 180258K [0x0000000780d80000, 0x00000007b9680000, 0x00000007c0000000)
  eden space 237568K, 0% used [0x0000000780d80000,0x0000000780d80000,0x000000078f580000)
  from space 342016K, 52% used [0x00000007a4880000,0x00000007af888800,0x00000007b9680000)
  to   space 344576K, 0% used [0x000000078f580000,0x000000078f580000,0x00000007a4600000)
 ParOldGen       total 1306624K, used 849668K [0x0000000702800000, 0x0000000752400000, 0x0000000780d80000)
  object space 1306624K, 65% used [0x0000000702800000,0x00000007365c1260,0x0000000752400000)
 Metaspace       used 21799K, capacity 22696K, committed 22784K, reserved 1069056K
  class space    used 2776K, capacity 3027K, committed 3072K, reserved 1048576K
}
Event: 36.497 GC heap before
{Heap before GC invocations=24 (full 7):
 PSYoungGen      total 579584K, used 416963K [0x0000000780d80000, 0x00000007b9680000, 0x00000007c0000000)
  eden space 237568K, 99% used [0x0000000780d80000,0x000000078f4a8548,0x000000078f580000)
  from space 342016K, 52% used [0x00000007a4880000,0x00000007af888800,0x00000007b9680000)
  to   space 344576K, 0% used [0x000000078f580000,0x000000078f580000,0x00000007a4600000)
 ParOldGen       total 1306624K, used 849668K [0x0000000702800000, 0x0000000752400000, 0x0000000780d80000)
  object space 1306624K, 65% used [0x0000000702800000,0x00000007365c1260,0x0000000752400000)
 Metaspace       used 21801K, capacity 22696K, committed 22784K, reserved 1069056K
  class space    used 2776K, capacity 3027K, committed 3072K, reserved 1048576K
Event: 36.534 GC heap after
Heap after GC invocations=24 (full 7):
 PSYoungGen      total 582144K, used 225298K [0x0000000780d80000, 0x00000007b9680000, 0x00000007c0000000)
  eden space 237568K, 0% used [0x0000000780d80000,0x0000000780d80000,0x000000078f580000)
  from space 344576K, 65% used [0x000000078f580000,0x000000079d184a00,0x00000007a4600000)
  to   space 342016K, 0% used [0x00000007a4880000,0x00000007a4880000,0x00000007b9680000)
 ParOldGen       total 1306624K, used 1029727K [0x0000000702800000, 0x0000000752400000, 0x0000000780d80000)
  object space 1306624K, 78% used [0x0000000702800000,0x0000000741597c60,0x0000000752400000)
 Metaspace       used 21801K, capacity 22696K, committed 22784K, reserved 1069056K
  class space    used 2776K, capacity 3027K, committed 3072K, reserved 1048576K
}
Event: 38.005 GC heap before
{Heap before GC invocations=25 (full 7):
 PSYoungGen      total 582144K, used 462866K [0x0000000780d80000, 0x00000007b9680000, 0x00000007c0000000)
  eden space 237568K, 100% used [0x0000000780d80000,0x000000078f580000,0x000000078f580000)
  from space 344576K, 65% used [0x000000078f580000,0x000000079d184a00,0x00000007a4600000)
  to   space 342016K, 0% used [0x00000007a4880000,0x00000007a4880000,0x00000007b9680000)
 ParOldGen       total 1306624K, used 1029727K [0x0000000702800000, 0x0000000752400000, 0x0000000780d80000)
  object space 1306624K, 78% used [0x0000000702800000,0x0000000741597c60,0x0000000752400000)
 Metaspace       used 21822K, capacity 22696K, committed 22784K, reserved 1069056K
  class space    used 2776K, capacity 3027K, committed 3072K, reserved 1048576K
Event: 38.048 GC heap after
Heap after GC invocations=25 (full 7):
 PSYoungGen      total 579584K, used 223986K [0x0000000780d80000, 0x00000007b9680000, 0x00000007c0000000)
  eden space 237568K, 0% used [0x0000000780d80000,0x0000000780d80000,0x000000078f580000)
  from space 342016K, 65% used [0x00000007a4880000,0x00000007b233c9d0,0x00000007b9680000)
  to   space 344576K, 0% used [0x000000078f580000,0x000000078f580000,0x00000007a4600000)
 ParOldGen       total 1306624K, used 1254778K [0x0000000702800000, 0x0000000752400000, 0x0000000780d80000)
  object space 1306624K, 96% used [0x0000000702800000,0x000000074f15e8e0,0x0000000752400000)
 Metaspace       used 21822K, capacity 22696K, committed 22784K, reserved 1069056K
  class space    used 2776K, capacity 3027K, committed 3072K, reserved 1048576K
}
Event: 38.048 GC heap before
{Heap before GC invocations=26 (full 8):
 PSYoungGen      total 579584K, used 223986K [0x0000000780d80000, 0x00000007b9680000, 0x00000007c0000000)
  eden space 237568K, 0% used [0x0000000780d80000,0x0000000780d80000,0x000000078f580000)
  from space 342016K, 65% used [0x00000007a4880000,0x00000007b233c9d0,0x00000007b9680000)
  to   space 344576K, 0% used [0x000000078f580000,0x000000078f580000,0x00000007a4600000)
 ParOldGen       total 1306624K, used 1254778K [0x0000000702800000, 0x0000000752400000, 0x0000000780d80000)
  object space 1306624K, 96% used [0x0000000702800000,0x000000074f15e8e0,0x0000000752400000)
 Metaspace       used 21822K, capacity 22696K, committed 22784K, reserved 1069056K
  class space    used 2776K, capacity 3027K, committed 3072K, reserved 1048576K
Event: 38.303 GC heap after
Heap after GC invocations=26 (full 8):
 PSYoungGen      total 579584K, used 171923K [0x0000000780d80000, 0x00000007b9680000, 0x00000007c0000000)
  eden space 237568K, 0% used [0x0000000780d80000,0x0000000780d80000,0x000000078f580000)
  from space 342016K, 50% used [0x00000007a4880000,0x00000007af064ea8,0x00000007b9680000)
  to   space 344576K, 0% used [0x000000078f580000,0x000000078f580000,0x00000007a4600000)
 ParOldGen       total 1306624K, used 1306415K [0x0000000702800000, 0x0000000752400000, 0x0000000780d80000)
  object space 1306624K, 99% used [0x0000000702800000,0x00000007523cbcc8,0x0000000752400000)
 Metaspace       used 21822K, capacity 22696K, committed 22784K, reserved 1069056K
  class space    used 2776K, capacity 3027K, committed 3072K, reserved 1048576K
}

