# JRE version: Java(TM) SE Runtime Environment (8.0_60-b27) (build 1.8.0_60-b27)
# Java VM: Java HotSpot(TM) 64-Bit Server VM (25.60-b23 mixed mode windows-amd64 compressed oops)
Heap:
 PSYoungGen      total 56832K, used 39274K [0x0000000780d80000, 0x0000000786a00000, 0x00000007c0000000)
  eden space 49152K, 65% used [0x0000000780d80000,0x0000000782cbb9e0,0x0000000783d80000)
  from space 7680K, 94% used [0x0000000783d80000,0x000000078449f150,0x0000000784500000)
  to   space 7680K, 0% used [0x0000000786280000,0x0000000786280000,0x0000000786a00000)
 ParOldGen       total 87040K, used 29412K [0x0000000702800000, 0x0000000707d00000, 0x0000000780d80000)
  object space 87040K, 33% used [0x0000000702800000,0x00000007044b9060,0x0000000707d00000)
 Metaspace       used 24206K, capacity 25214K, committed 25472K, reserved 1071104K
  class space    used 3189K, capacity 3416K, committed 3456K, reserved 1048576K
GC Heap History (8 events):
Event: 8.592 GC heap before
{Heap before GC invocations=1 (full 0):
 PSYoungGen      total 56832K, used 48611K [0x0000000780d80000, 0x0000000784c80000, 0x00000007c0000000)
  eden space 49152K, 98% used [0x0000000780d80000,0x0000000783cf8fa0,0x0000000783d80000)
  from space 7680K, 0% used [0x0000000784500000,0x0000000784500000,0x0000000784c80000)
  to   space 7680K, 0% used [0x0000000783d80000,0x0000000783d80000,0x0000000784500000)
 ParOldGen       total 130048K, used 0K [0x0000000702800000, 0x000000070a700000, 0x0000000780d80000)
  object space 130048K, 0% used [0x0000000702800000,0x0000000702800000,0x000000070a700000)
 Metaspace       used 19161K, capacity 19864K, committed 19968K, reserved 1067008K
  class space    used 2608K, capacity 2805K, committed 2816K, reserved 1048576K
Event: 8.598 GC heap after
Heap after GC invocations=1 (full 0):
 PSYoungGen      total 56832K, used 7669K [0x0000000780d80000, 0x0000000784c80000, 0x00000007c0000000)
  eden space 49152K, 0% used [0x0000000780d80000,0x0000000780d80000,0x0000000783d80000)
  from space 7680K, 99% used [0x0000000783d80000,0x00000007844fd440,0x0000000784500000)
  to   space 7680K, 0% used [0x0000000784500000,0x0000000784500000,0x0000000784c80000)
 ParOldGen       total 130048K, used 5662K [0x0000000702800000, 0x000000070a700000, 0x0000000780d80000)
  object space 130048K, 4% used [0x0000000702800000,0x0000000702d879e0,0x000000070a700000)
 Metaspace       used 19161K, capacity 19864K, committed 19968K, reserved 1067008K
  class space    used 2608K, capacity 2805K, committed 2816K, reserved 1048576K
}
Event: 8.800 GC heap before
{Heap before GC invocations=2 (full 0):
 PSYoungGen      total 56832K, used 20833K [0x0000000780d80000, 0x0000000784c80000, 0x00000007c0000000)
  eden space 49152K, 26% used [0x0000000780d80000,0x0000000781a5b180,0x0000000783d80000)
  from space 7680K, 99% used [0x0000000783d80000,0x00000007844fd440,0x0000000784500000)
  to   space 7680K, 0% used [0x0000000784500000,0x0000000784500000,0x0000000784c80000)
 ParOldGen       total 130048K, used 5662K [0x0000000702800000, 0x000000070a700000, 0x0000000780d80000)
  object space 130048K, 4% used [0x0000000702800000,0x0000000702d879e0,0x000000070a700000)
 Metaspace       used 20244K, capacity 21150K, committed 21248K, reserved 1067008K
  class space    used 2763K, capacity 2990K, committed 3072K, reserved 1048576K
Event: 8.807 GC heap after
Heap after GC invocations=2 (full 0):
 PSYoungGen      total 56832K, used 7658K [0x0000000780d80000, 0x0000000787c80000, 0x00000007c0000000)
  eden space 49152K, 0% used [0x0000000780d80000,0x0000000780d80000,0x0000000783d80000)
  from space 7680K, 99% used [0x0000000784500000,0x0000000784c7aa28,0x0000000784c80000)
  to   space 7680K, 0% used [0x0000000783d80000,0x0000000783d80000,0x0000000784500000)
 ParOldGen       total 130048K, used 10977K [0x0000000702800000, 0x000000070a700000, 0x0000000780d80000)
  object space 130048K, 8% used [0x0000000702800000,0x00000007032b8408,0x000000070a700000)
 Metaspace       used 20244K, capacity 21150K, committed 21248K, reserved 1067008K
  class space    used 2763K, capacity 2990K, committed 3072K, reserved 1048576K
}
Event: 8.807 GC heap before
{Heap before GC invocations=3 (full 1):
 PSYoungGen      total 56832K, used 7658K [0x0000000780d80000, 0x0000000787c80000, 0x00000007c0000000)
  eden space 49152K, 0% used [0x0000000780d80000,0x0000000780d80000,0x0000000783d80000)
  from space 7680K, 99% used [0x0000000784500000,0x0000000784c7aa28,0x0000000784c80000)
  to   space 7680K, 0% used [0x0000000783d80000,0x0000000783d80000,0x0000000784500000)
 ParOldGen       total 130048K, used 10977K [0x0000000702800000, 0x000000070a700000, 0x0000000780d80000)
  object space 130048K, 8% used [0x0000000702800000,0x00000007032b8408,0x000000070a700000)
 Metaspace       used 20244K, capacity 21150K, committed 21248K, reserved 1067008K
  class space    used 2763K, capacity 2990K, committed 3072K, reserved 1048576K
Event: 8.860 GC heap after
Heap after GC invocations=3 (full 1):
 PSYoungGen      total 56832K, used 0K [0x0000000780d80000, 0x0000000787c80000, 0x00000007c0000000)
  eden space 49152K, 0% used [0x0000000780d80000,0x0000000780d80000,0x0000000783d80000)
  from space 7680K, 0% used [0x0000000784500000,0x0000000784500000,0x0000000784c80000)
  to   space 7680K, 0% used [0x0000000783d80000,0x0000000783d80000,0x0000000784500000)
 ParOldGen       total 87040K, used 17116K [0x0000000702800000, 0x0000000707d00000, 0x0000000780d80000)
  object space 87040K, 19% used [0x0000000702800000,0x00000007038b7030,0x0000000707d00000)
 Metaspace       used 20244K, capacity 21150K, committed 21248K, reserved 1067008K
  class space    used 2763K, capacity 2990K, committed 3072K, reserved 1048576K
}
Event: 48.144 GC heap before
{Heap before GC invocations=4 (full 1):
 PSYoungGen      total 56832K, used 49049K [0x0000000780d80000, 0x0000000787c80000, 0x00000007c0000000)
  eden space 49152K, 99% used [0x0000000780d80000,0x0000000783d66678,0x0000000783d80000)
  from space 7680K, 0% used [0x0000000784500000,0x0000000784500000,0x0000000784c80000)
  to   space 7680K, 0% used [0x0000000783d80000,0x0000000783d80000,0x0000000784500000)
 ParOldGen       total 87040K, used 17116K [0x0000000702800000, 0x0000000707d00000, 0x0000000780d80000)
  object space 87040K, 19% used [0x0000000702800000,0x00000007038b7030,0x0000000707d00000)
 Metaspace       used 23997K, capacity 24966K, committed 25216K, reserved 1071104K
  class space    used 3185K, capacity 3408K, committed 3456K, reserved 1048576K
Event: 48.157 GC heap after
Heap after GC invocations=4 (full 1):
 PSYoungGen      total 56832K, used 7292K [0x0000000780d80000, 0x0000000786a00000, 0x00000007c0000000)
  eden space 49152K, 0% used [0x0000000780d80000,0x0000000780d80000,0x0000000783d80000)
  from space 7680K, 94% used [0x0000000783d80000,0x000000078449f150,0x0000000784500000)
  to   space 7680K, 0% used [0x0000000786280000,0x0000000786280000,0x0000000786a00000)
 ParOldGen       total 87040K, used 29412K [0x0000000702800000, 0x0000000707d00000, 0x0000000780d80000)
  object space 87040K, 33% used [0x0000000702800000,0x00000007044b9060,0x0000000707d00000)
 Metaspace       used 23997K, capacity 24966K, committed 25216K, reserved 1071104K
  class space    used 3185K, capacity 3408K, committed 3456K, reserved 1048576K
}

