# JRE version: Java(TM) SE Runtime Environment (8.0_60-b27) (build 1.8.0_60-b27)
# Java VM: Java HotSpot(TM) 64-Bit Server VM (25.60-b23 mixed mode windows-amd64 compressed oops)
Heap:
 PSYoungGen      total 182272K, used 135418K [0x0000000780d80000, 0x0000000791580000, 0x00000007c0000000)
  eden space 98304K, 53% used [0x0000000780d80000,0x000000078407dc68,0x0000000786d80000)
  from space 83968K, 99% used [0x000000078c380000,0x00000007914c0dd8,0x0000000791580000)
  to   space 7680K, 0% used [0x0000000786d80000,0x0000000786d80000,0x0000000787500000)
 ParOldGen       total 387072K, used 196599K [0x0000000702800000, 0x000000071a200000, 0x0000000780d80000)
  object space 387072K, 50% used [0x0000000702800000,0x000000070e7fdf18,0x000000071a200000)
 Metaspace       used 22952K, capacity 23832K, committed 24064K, reserved 1071104K
  class space    used 3004K, capacity 3231K, committed 3328K, reserved 1048576K
GC Heap History (10 events):
Event: 4.788 GC heap before
{Heap before GC invocations=4 (full 1):
 PSYoungGen      total 56832K, used 7675K [0x0000000780d80000, 0x0000000787c80000, 0x00000007c0000000)
  eden space 49152K, 0% used [0x0000000780d80000,0x0000000780d80000,0x0000000783d80000)
  from space 7680K, 99% used [0x0000000783d80000,0x00000007844fedd0,0x0000000784500000)
  to   space 7680K, 0% used [0x0000000787500000,0x0000000787500000,0x0000000787c80000)
 ParOldGen       total 130048K, used 101798K [0x0000000702800000, 0x000000070a700000, 0x0000000780d80000)
  object space 130048K, 78% used [0x0000000702800000,0x0000000708b69a90,0x000000070a700000)
 Metaspace       used 17391K, capacity 17846K, committed 17920K, reserved 1064960K
  class space    used 2139K, capacity 2272K, committed 2304K, reserved 1048576K
Event: 4.886 GC heap after
Heap after GC invocations=4 (full 1):
 PSYoungGen      total 56832K, used 0K [0x0000000780d80000, 0x0000000787c80000, 0x00000007c0000000)
  eden space 49152K, 0% used [0x0000000780d80000,0x0000000780d80000,0x0000000783d80000)
  from space 7680K, 0% used [0x0000000783d80000,0x0000000783d80000,0x0000000784500000)
  to   space 7680K, 0% used [0x0000000787500000,0x0000000787500000,0x0000000787c80000)
 ParOldGen       total 247296K, used 108452K [0x0000000702800000, 0x0000000711980000, 0x0000000780d80000)
  object space 247296K, 43% used [0x0000000702800000,0x00000007091e9070,0x0000000711980000)
 Metaspace       used 17391K, capacity 17846K, committed 17920K, reserved 1064960K
  class space    used 2139K, capacity 2272K, committed 2304K, reserved 1048576K
}
Event: 11.218 GC heap before
{Heap before GC invocations=5 (full 1):
 PSYoungGen      total 56832K, used 48414K [0x0000000780d80000, 0x0000000787c80000, 0x00000007c0000000)
  eden space 49152K, 98% used [0x0000000780d80000,0x0000000783cc79c0,0x0000000783d80000)
  from space 7680K, 0% used [0x0000000783d80000,0x0000000783d80000,0x0000000784500000)
  to   space 7680K, 0% used [0x0000000787500000,0x0000000787500000,0x0000000787c80000)
 ParOldGen       total 247296K, used 108452K [0x0000000702800000, 0x0000000711980000, 0x0000000780d80000)
  object space 247296K, 43% used [0x0000000702800000,0x00000007091e9070,0x0000000711980000)
 Metaspace       used 22414K, capacity 23312K, committed 23424K, reserved 1069056K
  class space    used 2993K, capacity 3195K, committed 3200K, reserved 1048576K
Event: 11.232 GC heap after
Heap after GC invocations=5 (full 1):
 PSYoungGen      total 76800K, used 7654K [0x0000000780d80000, 0x0000000787c80000, 0x00000007c0000000)
  eden space 69120K, 0% used [0x0000000780d80000,0x0000000780d80000,0x0000000785100000)
  from space 7680K, 99% used [0x0000000787500000,0x0000000787c79b60,0x0000000787c80000)
  to   space 7680K, 0% used [0x0000000786d80000,0x0000000786d80000,0x0000000787500000)
 ParOldGen       total 247296K, used 126653K [0x0000000702800000, 0x0000000711980000, 0x0000000780d80000)
  object space 247296K, 51% used [0x0000000702800000,0x000000070a3af488,0x0000000711980000)
 Metaspace       used 22414K, capacity 23312K, committed 23424K, reserved 1069056K
  class space    used 2993K, capacity 3195K, committed 3200K, reserved 1048576K
}
Event: 11.793 GC heap before
{Heap before GC invocations=6 (full 1):
 PSYoungGen      total 76800K, used 72606K [0x0000000780d80000, 0x0000000787c80000, 0x00000007c0000000)
  eden space 69120K, 93% used [0x0000000780d80000,0x0000000784ceddd8,0x0000000785100000)
  from space 7680K, 99% used [0x0000000787500000,0x0000000787c79b60,0x0000000787c80000)
  to   space 7680K, 0% used [0x0000000786d80000,0x0000000786d80000,0x0000000787500000)
 ParOldGen       total 247296K, used 126653K [0x0000000702800000, 0x0000000711980000, 0x0000000780d80000)
  object space 247296K, 51% used [0x0000000702800000,0x000000070a3af488,0x0000000711980000)
 Metaspace       used 22519K, capacity 23376K, committed 23424K, reserved 1069056K
  class space    used 2993K, capacity 3195K, committed 3200K, reserved 1048576K
Event: 11.812 GC heap after
Heap after GC invocations=6 (full 1):
 PSYoungGen      total 105984K, used 7675K [0x0000000780d80000, 0x0000000791580000, 0x00000007c0000000)
  eden space 98304K, 0% used [0x0000000780d80000,0x0000000780d80000,0x0000000786d80000)
  from space 7680K, 99% used [0x0000000786d80000,0x00000007874fecd0,0x0000000787500000)
  to   space 83968K, 0% used [0x000000078c380000,0x000000078c380000,0x0000000791580000)
 ParOldGen       total 247296K, used 188107K [0x0000000702800000, 0x0000000711980000, 0x0000000780d80000)
  object space 247296K, 76% used [0x0000000702800000,0x000000070dfb2d68,0x0000000711980000)
 Metaspace       used 22519K, capacity 23376K, committed 23424K, reserved 1069056K
  class space    used 2993K, capacity 3195K, committed 3200K, reserved 1048576K
}
Event: 11.812 GC heap before
{Heap before GC invocations=7 (full 2):
 PSYoungGen      total 105984K, used 7675K [0x0000000780d80000, 0x0000000791580000, 0x00000007c0000000)
  eden space 98304K, 0% used [0x0000000780d80000,0x0000000780d80000,0x0000000786d80000)
  from space 7680K, 99% used [0x0000000786d80000,0x00000007874fecd0,0x0000000787500000)
  to   space 83968K, 0% used [0x000000078c380000,0x000000078c380000,0x0000000791580000)
 ParOldGen       total 247296K, used 188107K [0x0000000702800000, 0x0000000711980000, 0x0000000780d80000)
  object space 247296K, 76% used [0x0000000702800000,0x000000070dfb2d68,0x0000000711980000)
 Metaspace       used 22519K, capacity 23376K, committed 23424K, reserved 1069056K
  class space    used 2993K, capacity 3195K, committed 3200K, reserved 1048576K
Event: 11.947 GC heap after
Heap after GC invocations=7 (full 2):
 PSYoungGen      total 105984K, used 0K [0x0000000780d80000, 0x0000000791580000, 0x00000007c0000000)
  eden space 98304K, 0% used [0x0000000780d80000,0x0000000780d80000,0x0000000786d80000)
  from space 7680K, 0% used [0x0000000786d80000,0x0000000786d80000,0x0000000787500000)
  to   space 83968K, 0% used [0x000000078c380000,0x000000078c380000,0x0000000791580000)
 ParOldGen       total 387072K, used 195567K [0x0000000702800000, 0x000000071a200000, 0x0000000780d80000)
  object space 387072K, 50% used [0x0000000702800000,0x000000070e6fbf08,0x000000071a200000)
 Metaspace       used 22519K, capacity 23376K, committed 23424K, reserved 1069056K
  class space    used 2993K, capacity 3195K, committed 3200K, reserved 1048576K
}
Event: 13.856 GC heap before
{Heap before GC invocations=8 (full 2):
 PSYoungGen      total 105984K, used 98304K [0x0000000780d80000, 0x0000000791580000, 0x00000007c0000000)
  eden space 98304K, 100% used [0x0000000780d80000,0x0000000786d80000,0x0000000786d80000)
  from space 7680K, 0% used [0x0000000786d80000,0x0000000786d80000,0x0000000787500000)
  to   space 83968K, 0% used [0x000000078c380000,0x000000078c380000,0x0000000791580000)
 ParOldGen       total 387072K, used 195567K [0x0000000702800000, 0x000000071a200000, 0x0000000780d80000)
  object space 387072K, 50% used [0x0000000702800000,0x000000070e6fbf08,0x000000071a200000)
 Metaspace       used 22830K, capacity 23760K, committed 24064K, reserved 1071104K
  class space    used 3004K, capacity 3231K, committed 3328K, reserved 1048576K
Event: 13.871 GC heap after
Heap after GC invocations=8 (full 2):
 PSYoungGen      total 182272K, used 83203K [0x0000000780d80000, 0x0000000791580000, 0x00000007c0000000)
  eden space 98304K, 0% used [0x0000000780d80000,0x0000000780d80000,0x0000000786d80000)
  from space 83968K, 99% used [0x000000078c380000,0x00000007914c0dd8,0x0000000791580000)
  to   space 7680K, 0% used [0x0000000786d80000,0x0000000786d80000,0x0000000787500000)
 ParOldGen       total 387072K, used 196599K [0x0000000702800000, 0x000000071a200000, 0x0000000780d80000)
  object space 387072K, 50% used [0x0000000702800000,0x000000070e7fdf18,0x000000071a200000)
 Metaspace       used 22830K, capacity 23760K, committed 24064K, reserved 1071104K
  class space    used 3004K, capacity 3231K, committed 3328K, reserved 1048576K
}

