# JRE version: Java(TM) SE Runtime Environment (8.0_60-b27) (build 1.8.0_60-b27)
# Java VM: Java HotSpot(TM) 64-Bit Server VM (25.60-b23 mixed mode windows-amd64 compressed oops)
Heap:
 PSYoungGen      total 177152K, used 72537K [0x0000000780d80000, 0x0000000792300000, 0x00000007c0000000)
  eden space 92672K, 14% used [0x0000000780d80000,0x0000000781aea3d0,0x0000000786800000)
  from space 84480K, 69% used [0x000000078be00000,0x000000078f76c1d8,0x0000000791080000)
  to   space 88064K, 0% used [0x0000000786800000,0x0000000786800000,0x000000078be00000)
 ParOldGen       total 161280K, used 81492K [0x0000000702800000, 0x000000070c580000, 0x0000000780d80000)
  object space 161280K, 50% used [0x0000000702800000,0x00000007077950f8,0x000000070c580000)
 Metaspace       used 25724K, capacity 26964K, committed 27264K, reserved 1073152K
  class space    used 3356K, capacity 3609K, committed 3712K, reserved 1048576K
GC Heap History (10 events):
Event: 39.832 GC heap before
{Heap before GC invocations=7 (full 2):
 PSYoungGen      total 56832K, used 49032K [0x0000000780d80000, 0x0000000787a00000, 0x00000007c0000000)
  eden space 49152K, 99% used [0x0000000780d80000,0x0000000783d621c8,0x0000000783d80000)
  from space 7680K, 0% used [0x0000000784500000,0x0000000784500000,0x0000000784c80000)
  to   space 7680K, 0% used [0x0000000783d80000,0x0000000783d80000,0x0000000784500000)
 ParOldGen       total 161280K, used 60186K [0x0000000702800000, 0x000000070c580000, 0x0000000780d80000)
  object space 161280K, 37% used [0x0000000702800000,0x00000007062c6a10,0x000000070c580000)
 Metaspace       used 24310K, capacity 25330K, committed 25472K, reserved 1071104K
  class space    used 3179K, capacity 3442K, committed 3456K, reserved 1048576K
Event: 39.844 GC heap after
Heap after GC invocations=7 (full 2):
 PSYoungGen      total 56832K, used 7649K [0x0000000780d80000, 0x000000078ae80000, 0x00000007c0000000)
  eden space 49152K, 0% used [0x0000000780d80000,0x0000000780d80000,0x0000000783d80000)
  from space 7680K, 99% used [0x0000000783d80000,0x00000007844f8410,0x0000000784500000)
  to   space 46080K, 0% used [0x0000000788180000,0x0000000788180000,0x000000078ae80000)
 ParOldGen       total 161280K, used 92886K [0x0000000702800000, 0x000000070c580000, 0x0000000780d80000)
  object space 161280K, 57% used [0x0000000702800000,0x00000007082b5aa0,0x000000070c580000)
 Metaspace       used 24310K, capacity 25330K, committed 25472K, reserved 1071104K
  class space    used 3179K, capacity 3442K, committed 3456K, reserved 1048576K
}
Event: 40.100 GC heap before
{Heap before GC invocations=8 (full 2):
 PSYoungGen      total 56832K, used 51695K [0x0000000780d80000, 0x000000078ae80000, 0x00000007c0000000)
  eden space 49152K, 89% used [0x0000000780d80000,0x0000000783883ae8,0x0000000783d80000)
  from space 7680K, 99% used [0x0000000783d80000,0x00000007844f8410,0x0000000784500000)
  to   space 46080K, 0% used [0x0000000788180000,0x0000000788180000,0x000000078ae80000)
 ParOldGen       total 161280K, used 92886K [0x0000000702800000, 0x000000070c580000, 0x0000000780d80000)
  object space 161280K, 57% used [0x0000000702800000,0x00000007082b5aa0,0x000000070c580000)
 Metaspace       used 24371K, capacity 25348K, committed 25472K, reserved 1071104K
  class space    used 3181K, capacity 3445K, committed 3456K, reserved 1048576K
Event: 40.108 GC heap after
Heap after GC invocations=8 (full 2):
 PSYoungGen      total 110080K, used 45992K [0x0000000780d80000, 0x000000078c400000, 0x00000007c0000000)
  eden space 64000K, 0% used [0x0000000780d80000,0x0000000780d80000,0x0000000784c00000)
  from space 46080K, 99% used [0x0000000788180000,0x000000078ae6a080,0x000000078ae80000)
  to   space 54784K, 0% used [0x0000000784c00000,0x0000000784c00000,0x0000000788180000)
 ParOldGen       total 161280K, used 93918K [0x0000000702800000, 0x000000070c580000, 0x0000000780d80000)
  object space 161280K, 58% used [0x0000000702800000,0x00000007083b7ab0,0x000000070c580000)
 Metaspace       used 24371K, capacity 25348K, committed 25472K, reserved 1071104K
  class space    used 3181K, capacity 3445K, committed 3456K, reserved 1048576K
}
Event: 53.507 GC heap before
{Heap before GC invocations=9 (full 2):
 PSYoungGen      total 110080K, used 109490K [0x0000000780d80000, 0x000000078c400000, 0x00000007c0000000)
  eden space 64000K, 99% used [0x0000000780d80000,0x0000000784b829b0,0x0000000784c00000)
  from space 46080K, 99% used [0x0000000788180000,0x000000078ae6a080,0x000000078ae80000)
  to   space 54784K, 0% used [0x0000000784c00000,0x0000000784c00000,0x0000000788180000)
 ParOldGen       total 161280K, used 93918K [0x0000000702800000, 0x000000070c580000, 0x0000000780d80000)
  object space 161280K, 58% used [0x0000000702800000,0x00000007083b7ab0,0x000000070c580000)
 Metaspace       used 25421K, capacity 26624K, committed 26752K, reserved 1073152K
  class space    used 3334K, capacity 3597K, committed 3712K, reserved 1048576K
Event: 53.523 GC heap after
Heap after GC invocations=9 (full 2):
 PSYoungGen      total 118784K, used 54771K [0x0000000780d80000, 0x0000000791080000, 0x00000007c0000000)
  eden space 64000K, 0% used [0x0000000780d80000,0x0000000780d80000,0x0000000784c00000)
  from space 54784K, 99% used [0x0000000784c00000,0x000000078817cf50,0x0000000788180000)
  to   space 84480K, 0% used [0x000000078be00000,0x000000078be00000,0x0000000791080000)
 ParOldGen       total 161280K, used 133928K [0x0000000702800000, 0x000000070c580000, 0x0000000780d80000)
  object space 161280K, 83% used [0x0000000702800000,0x000000070aaca2a8,0x000000070c580000)
 Metaspace       used 25421K, capacity 26624K, committed 26752K, reserved 1073152K
  class space    used 3334K, capacity 3597K, committed 3712K, reserved 1048576K
}
Event: 53.523 GC heap before
{Heap before GC invocations=10 (full 3):
 PSYoungGen      total 118784K, used 54771K [0x0000000780d80000, 0x0000000791080000, 0x00000007c0000000)
  eden space 64000K, 0% used [0x0000000780d80000,0x0000000780d80000,0x0000000784c00000)
  from space 54784K, 99% used [0x0000000784c00000,0x000000078817cf50,0x0000000788180000)
  to   space 84480K, 0% used [0x000000078be00000,0x000000078be00000,0x0000000791080000)
 ParOldGen       total 161280K, used 133928K [0x0000000702800000, 0x000000070c580000, 0x0000000780d80000)
  object space 161280K, 83% used [0x0000000702800000,0x000000070aaca2a8,0x000000070c580000)
 Metaspace       used 25421K, capacity 26624K, committed 26752K, reserved 1073152K
  class space    used 3334K, capacity 3597K, committed 3712K, reserved 1048576K
Event: 53.565 GC heap after
Heap after GC invocations=10 (full 3):
 PSYoungGen      total 118784K, used 0K [0x0000000780d80000, 0x0000000791080000, 0x00000007c0000000)
  eden space 64000K, 0% used [0x0000000780d80000,0x0000000780d80000,0x0000000784c00000)
  from space 54784K, 0% used [0x0000000784c00000,0x0000000784c00000,0x0000000788180000)
  to   space 84480K, 0% used [0x000000078be00000,0x000000078be00000,0x0000000791080000)
 ParOldGen       total 161280K, used 81484K [0x0000000702800000, 0x000000070c580000, 0x0000000780d80000)
  object space 161280K, 50% used [0x0000000702800000,0x00000007077930f8,0x000000070c580000)
 Metaspace       used 25421K, capacity 26624K, committed 26752K, reserved 1073152K
  class space    used 3334K, capacity 3597K, committed 3712K, reserved 1048576K
}
Event: 53.874 GC heap before
{Heap before GC invocations=11 (full 3):
 PSYoungGen      total 118784K, used 63208K [0x0000000780d80000, 0x0000000791080000, 0x00000007c0000000)
  eden space 64000K, 98% used [0x0000000780d80000,0x0000000784b3a020,0x0000000784c00000)
  from space 54784K, 0% used [0x0000000784c00000,0x0000000784c00000,0x0000000788180000)
  to   space 84480K, 0% used [0x000000078be00000,0x000000078be00000,0x0000000791080000)
 ParOldGen       total 161280K, used 81484K [0x0000000702800000, 0x000000070c580000, 0x0000000780d80000)
  object space 161280K, 50% used [0x0000000702800000,0x00000007077930f8,0x000000070c580000)
 Metaspace       used 25490K, capacity 26686K, committed 27008K, reserved 1073152K
  class space    used 3339K, capacity 3606K, committed 3712K, reserved 1048576K
Event: 53.888 GC heap after
Heap after GC invocations=11 (full 3):
 PSYoungGen      total 177152K, used 58800K [0x0000000780d80000, 0x0000000792300000, 0x00000007c0000000)
  eden space 92672K, 0% used [0x0000000780d80000,0x0000000780d80000,0x0000000786800000)
  from space 84480K, 69% used [0x000000078be00000,0x000000078f76c1d8,0x0000000791080000)
  to   space 88064K, 0% used [0x0000000786800000,0x0000000786800000,0x000000078be00000)
 ParOldGen       total 161280K, used 81492K [0x0000000702800000, 0x000000070c580000, 0x0000000780d80000)
  object space 161280K, 50% used [0x0000000702800000,0x00000007077950f8,0x000000070c580000)
 Metaspace       used 25490K, capacity 26686K, committed 27008K, reserved 1073152K
  class space    used 3339K, capacity 3606K, committed 3712K, reserved 1048576K
}

