# JRE version: Java(TM) SE Runtime Environment (8.0_60-b27) (build 1.8.0_60-b27)
# Java VM: Java HotSpot(TM) 64-Bit Server VM (25.60-b23 mixed mode windows-amd64 compressed oops)
Heap:
 PSYoungGen      total 154112K, used 104619K [0x0000000780d80000, 0x0000000793880000, 0x00000007c0000000)
  eden space 67584K, 30% used [0x0000000780d80000,0x00000007821c1e40,0x0000000784f80000)
  from space 86528K, 96% used [0x0000000784f80000,0x000000078a169160,0x000000078a400000)
  to   space 102912K, 0% used [0x000000078d400000,0x000000078d400000,0x0000000793880000)
 ParOldGen       total 235008K, used 100733K [0x0000000702800000, 0x0000000710d80000, 0x0000000780d80000)
  object space 235008K, 42% used [0x0000000702800000,0x0000000708a5f6c8,0x0000000710d80000)
 Metaspace       used 23142K, capacity 24060K, committed 24320K, reserved 1071104K
  class space    used 3000K, capacity 3225K, committed 3328K, reserved 1048576K
GC Heap History (10 events):
Event: 18.790 GC heap before
{Heap before GC invocations=5 (full 1):
 PSYoungGen      total 56832K, used 48184K [0x0000000780d80000, 0x0000000787c80000, 0x00000007c0000000)
  eden space 49152K, 98% used [0x0000000780d80000,0x0000000783c8e020,0x0000000783d80000)
  from space 7680K, 0% used [0x0000000783d80000,0x0000000783d80000,0x0000000784500000)
  to   space 7680K, 0% used [0x0000000787500000,0x0000000787500000,0x0000000787c80000)
 ParOldGen       total 209408K, used 85336K [0x0000000702800000, 0x000000070f480000, 0x0000000780d80000)
  object space 209408K, 40% used [0x0000000702800000,0x0000000707b56260,0x000000070f480000)
 Metaspace       used 22573K, capacity 23508K, committed 23808K, reserved 1069056K
  class space    used 2998K, capacity 3223K, committed 3328K, reserved 1048576K
Event: 18.832 GC heap after
Heap after GC invocations=5 (full 1):
 PSYoungGen      total 75776K, used 7662K [0x0000000780d80000, 0x0000000787c80000, 0x00000007c0000000)
  eden space 68096K, 0% used [0x0000000780d80000,0x0000000780d80000,0x0000000785000000)
  from space 7680K, 99% used [0x0000000787500000,0x0000000787c7ba40,0x0000000787c80000)
  to   space 7680K, 0% used [0x0000000786d80000,0x0000000786d80000,0x0000000787500000)
 ParOldGen       total 209408K, used 108102K [0x0000000702800000, 0x000000070f480000, 0x0000000780d80000)
  object space 209408K, 51% used [0x0000000702800000,0x00000007091919b0,0x000000070f480000)
 Metaspace       used 22573K, capacity 23508K, committed 23808K, reserved 1069056K
  class space    used 2998K, capacity 3223K, committed 3328K, reserved 1048576K
}
Event: 20.891 GC heap before
{Heap before GC invocations=6 (full 1):
 PSYoungGen      total 75776K, used 64095K [0x0000000780d80000, 0x0000000787c80000, 0x00000007c0000000)
  eden space 68096K, 82% used [0x0000000780d80000,0x000000078449c358,0x0000000785000000)
  from space 7680K, 99% used [0x0000000787500000,0x0000000787c7ba40,0x0000000787c80000)
  to   space 7680K, 0% used [0x0000000786d80000,0x0000000786d80000,0x0000000787500000)
 ParOldGen       total 209408K, used 108102K [0x0000000702800000, 0x000000070f480000, 0x0000000780d80000)
  object space 209408K, 51% used [0x0000000702800000,0x00000007091919b0,0x000000070f480000)
 Metaspace       used 22789K, capacity 23656K, committed 23808K, reserved 1069056K
  class space    used 2998K, capacity 3223K, committed 3328K, reserved 1048576K
Event: 20.905 GC heap after
Heap after GC invocations=6 (full 1):
 PSYoungGen      total 99840K, used 7669K [0x0000000780d80000, 0x000000078e080000, 0x00000007c0000000)
  eden space 92160K, 0% used [0x0000000780d80000,0x0000000780d80000,0x0000000786780000)
  from space 7680K, 99% used [0x0000000786d80000,0x00000007874fd520,0x0000000787500000)
  to   space 61952K, 0% used [0x000000078a400000,0x000000078a400000,0x000000078e080000)
 ParOldGen       total 209408K, used 158206K [0x0000000702800000, 0x000000070f480000, 0x0000000780d80000)
  object space 209408K, 75% used [0x0000000702800000,0x000000070c27fb90,0x000000070f480000)
 Metaspace       used 22789K, capacity 23656K, committed 23808K, reserved 1069056K
  class space    used 2998K, capacity 3223K, committed 3328K, reserved 1048576K
}
Event: 20.905 GC heap before
{Heap before GC invocations=7 (full 2):
 PSYoungGen      total 99840K, used 7669K [0x0000000780d80000, 0x000000078e080000, 0x00000007c0000000)
  eden space 92160K, 0% used [0x0000000780d80000,0x0000000780d80000,0x0000000786780000)
  from space 7680K, 99% used [0x0000000786d80000,0x00000007874fd520,0x0000000787500000)
  to   space 61952K, 0% used [0x000000078a400000,0x000000078a400000,0x000000078e080000)
 ParOldGen       total 209408K, used 158206K [0x0000000702800000, 0x000000070f480000, 0x0000000780d80000)
  object space 209408K, 75% used [0x0000000702800000,0x000000070c27fb90,0x000000070f480000)
 Metaspace       used 22789K, capacity 23656K, committed 23808K, reserved 1069056K
  class space    used 2998K, capacity 3223K, committed 3328K, reserved 1048576K
Event: 20.953 GC heap after
Heap after GC invocations=7 (full 2):
 PSYoungGen      total 99840K, used 0K [0x0000000780d80000, 0x000000078e080000, 0x00000007c0000000)
  eden space 92160K, 0% used [0x0000000780d80000,0x0000000780d80000,0x0000000786780000)
  from space 7680K, 0% used [0x0000000786d80000,0x0000000786d80000,0x0000000787500000)
  to   space 61952K, 0% used [0x000000078a400000,0x000000078a400000,0x000000078e080000)
 ParOldGen       total 235008K, used 62432K [0x0000000702800000, 0x0000000710d80000, 0x0000000780d80000)
  object space 235008K, 26% used [0x0000000702800000,0x00000007064f82a8,0x0000000710d80000)
 Metaspace       used 22789K, capacity 23656K, committed 23808K, reserved 1069056K
  class space    used 2998K, capacity 3223K, committed 3328K, reserved 1048576K
}
Event: 24.456 GC heap before
{Heap before GC invocations=8 (full 2):
 PSYoungGen      total 99840K, used 87298K [0x0000000780d80000, 0x000000078e080000, 0x00000007c0000000)
  eden space 92160K, 94% used [0x0000000780d80000,0x00000007862c0900,0x0000000786780000)
  from space 7680K, 0% used [0x0000000786d80000,0x0000000786d80000,0x0000000787500000)
  to   space 61952K, 0% used [0x000000078a400000,0x000000078a400000,0x000000078e080000)
 ParOldGen       total 235008K, used 62432K [0x0000000702800000, 0x0000000710d80000, 0x0000000780d80000)
  object space 235008K, 26% used [0x0000000702800000,0x00000007064f82a8,0x0000000710d80000)
 Metaspace       used 23000K, capacity 23932K, committed 24064K, reserved 1071104K
  class space    used 2999K, capacity 3225K, committed 3328K, reserved 1048576K
Event: 24.499 GC heap after
Heap after GC invocations=8 (full 2):
 PSYoungGen      total 129536K, used 61940K [0x0000000780d80000, 0x0000000793c80000, 0x00000007c0000000)
  eden space 67584K, 0% used [0x0000000780d80000,0x0000000780d80000,0x0000000784f80000)
  from space 61952K, 99% used [0x000000078a400000,0x000000078e07d080,0x000000078e080000)
  to   space 86528K, 0% used [0x0000000784f80000,0x0000000784f80000,0x000000078a400000)
 ParOldGen       total 235008K, used 82293K [0x0000000702800000, 0x0000000710d80000, 0x0000000780d80000)
  object space 235008K, 35% used [0x0000000702800000,0x000000070785d6a8,0x0000000710d80000)
 Metaspace       used 23000K, capacity 23932K, committed 24064K, reserved 1071104K
  class space    used 2999K, capacity 3225K, committed 3328K, reserved 1048576K
}
Event: 27.457 GC heap before
{Heap before GC invocations=9 (full 2):
 PSYoungGen      total 129536K, used 126020K [0x0000000780d80000, 0x0000000793c80000, 0x00000007c0000000)
  eden space 67584K, 94% used [0x0000000780d80000,0x0000000784c14148,0x0000000784f80000)
  from space 61952K, 99% used [0x000000078a400000,0x000000078e07d080,0x000000078e080000)
  to   space 86528K, 0% used [0x0000000784f80000,0x0000000784f80000,0x000000078a400000)
 ParOldGen       total 235008K, used 82293K [0x0000000702800000, 0x0000000710d80000, 0x0000000780d80000)
  object space 235008K, 35% used [0x0000000702800000,0x000000070785d6a8,0x0000000710d80000)
 Metaspace       used 23117K, capacity 23996K, committed 24320K, reserved 1071104K
  class space    used 3000K, capacity 3225K, committed 3328K, reserved 1048576K
Event: 27.492 GC heap after
Heap after GC invocations=9 (full 2):
 PSYoungGen      total 154112K, used 83876K [0x0000000780d80000, 0x0000000793880000, 0x00000007c0000000)
  eden space 67584K, 0% used [0x0000000780d80000,0x0000000780d80000,0x0000000784f80000)
  from space 86528K, 96% used [0x0000000784f80000,0x000000078a169160,0x000000078a400000)
  to   space 102912K, 0% used [0x000000078d400000,0x000000078d400000,0x0000000793880000)
 ParOldGen       total 235008K, used 100733K [0x0000000702800000, 0x0000000710d80000, 0x0000000780d80000)
  object space 235008K, 42% used [0x0000000702800000,0x0000000708a5f6c8,0x0000000710d80000)
 Metaspace       used 23117K, capacity 23996K, committed 24320K, reserved 1071104K
  class space    used 3000K, capacity 3225K, committed 3328K, reserved 1048576K
}

